Starting job on i65
Loading modules...

Lmod is automatically replacing "gcc/11.3.0" with "intel/2021.6.0".

Lmod has detected the following error: These module(s) or extension(s) exist
but cannot be loaded as requested: "py-torch/2.0.1-mpi-openmp-cuda",
"openmpi/4.1.3-cuda"
   Try: "module spider py-torch/2.0.1-mpi-openmp-cuda openmpi/4.1.3-cuda" to
see how to load the module(s).



Activating virtual environment...
Running Python script...
/home/limozin/venvs/course_py-3.10/lib/python3.10/site-packages/huggingface_hub/file_download.py:1132: FutureWarning: `resume_download` is deprecated and will be removed in version 1.0.0. Downloads always resume when possible. If you want to force a new download, use `force_download=True`.
  warnings.warn(
Some weights of DebertaV2ForSequenceClassification were not initialized from the model checkpoint at microsoft/mdeberta-v3-base and are newly initialized: ['classifier.bias', 'classifier.weight', 'pooler.dense.bias', 'pooler.dense.weight']
You should probably TRAIN this model on a down-stream task to be able to use it for predictions and inference.
Using device: cuda
Epoch 1/10
Batch 4/887, Batch Loss: 0.1781
Batch 8/887, Batch Loss: 0.1620
Batch 12/887, Batch Loss: 0.1527
Batch 16/887, Batch Loss: 0.1558
Batch 20/887, Batch Loss: 0.1564
Batch 24/887, Batch Loss: 0.1558
Batch 28/887, Batch Loss: 0.1577
Batch 32/887, Batch Loss: 0.1376
Batch 36/887, Batch Loss: 0.1356
Batch 40/887, Batch Loss: 0.1569
Batch 44/887, Batch Loss: 0.1734
Batch 48/887, Batch Loss: 0.1534
Batch 52/887, Batch Loss: 0.1592
Batch 56/887, Batch Loss: 0.1400
Batch 60/887, Batch Loss: 0.1620
Batch 64/887, Batch Loss: 0.1374
Batch 68/887, Batch Loss: 0.1563
Batch 72/887, Batch Loss: 0.1273
Batch 76/887, Batch Loss: 0.1864
Batch 80/887, Batch Loss: 0.1324
Batch 84/887, Batch Loss: 0.1554
Batch 88/887, Batch Loss: 0.1093
Batch 92/887, Batch Loss: 0.1174
Batch 96/887, Batch Loss: 0.1200
Batch 100/887, Batch Loss: 0.1251
Batch 104/887, Batch Loss: 0.1667
Batch 108/887, Batch Loss: 0.1733
Batch 112/887, Batch Loss: 0.1537
Batch 116/887, Batch Loss: 0.1374
Batch 120/887, Batch Loss: 0.1658
Batch 124/887, Batch Loss: 0.0992
Batch 128/887, Batch Loss: 0.1555
Batch 132/887, Batch Loss: 0.1377
Batch 136/887, Batch Loss: 0.1530
Batch 140/887, Batch Loss: 0.1348
Batch 144/887, Batch Loss: 0.1515
Batch 148/887, Batch Loss: 0.1209
Batch 152/887, Batch Loss: 0.1270
Batch 156/887, Batch Loss: 0.1576
Batch 160/887, Batch Loss: 0.1301
Batch 164/887, Batch Loss: 0.1276
Batch 168/887, Batch Loss: 0.1230
Batch 172/887, Batch Loss: 0.1385
Batch 176/887, Batch Loss: 0.1072
Batch 180/887, Batch Loss: 0.1740
Batch 184/887, Batch Loss: 0.1199
Batch 188/887, Batch Loss: 0.1072
Batch 192/887, Batch Loss: 0.1179
Batch 196/887, Batch Loss: 0.1086
Batch 200/887, Batch Loss: 0.1051
Batch 204/887, Batch Loss: 0.1072
Batch 208/887, Batch Loss: 0.1370
Batch 212/887, Batch Loss: 0.1205
Batch 216/887, Batch Loss: 0.1358
Batch 220/887, Batch Loss: 0.1565
Batch 224/887, Batch Loss: 0.1763
Batch 228/887, Batch Loss: 0.1573
Batch 232/887, Batch Loss: 0.1683
Batch 236/887, Batch Loss: 0.1098
Batch 240/887, Batch Loss: 0.1630
Batch 244/887, Batch Loss: 0.1226
Batch 248/887, Batch Loss: 0.1494
Batch 252/887, Batch Loss: 0.1501
Batch 256/887, Batch Loss: 0.1099
Batch 260/887, Batch Loss: 0.1137
Batch 264/887, Batch Loss: 0.1326
Batch 268/887, Batch Loss: 0.1279
Batch 272/887, Batch Loss: 0.1317
Batch 276/887, Batch Loss: 0.1354
Batch 280/887, Batch Loss: 0.1387
Batch 284/887, Batch Loss: 0.1589
Batch 288/887, Batch Loss: 0.1279
Batch 292/887, Batch Loss: 0.1413
Batch 296/887, Batch Loss: 0.1640
Batch 300/887, Batch Loss: 0.1480
Batch 304/887, Batch Loss: 0.1174
Batch 308/887, Batch Loss: 0.1449
Batch 312/887, Batch Loss: 0.1411
Batch 316/887, Batch Loss: 0.1141
Batch 320/887, Batch Loss: 0.1180
Batch 324/887, Batch Loss: 0.1098
Batch 328/887, Batch Loss: 0.1567
Batch 332/887, Batch Loss: 0.1133
Batch 336/887, Batch Loss: 0.1108
Batch 340/887, Batch Loss: 0.1518
Batch 344/887, Batch Loss: 0.1507
Batch 348/887, Batch Loss: 0.1183
Batch 352/887, Batch Loss: 0.1598
Batch 356/887, Batch Loss: 0.1544
Batch 360/887, Batch Loss: 0.1872
Batch 364/887, Batch Loss: 0.1313
Batch 368/887, Batch Loss: 0.1234
Batch 372/887, Batch Loss: 0.1500
Batch 376/887, Batch Loss: 0.1236
Batch 380/887, Batch Loss: 0.1426
Batch 384/887, Batch Loss: 0.1647
Batch 388/887, Batch Loss: 0.1216
Batch 392/887, Batch Loss: 0.1005
Batch 396/887, Batch Loss: 0.1190
Batch 400/887, Batch Loss: 0.1318
Batch 404/887, Batch Loss: 0.1260
Batch 408/887, Batch Loss: 0.1393
Batch 412/887, Batch Loss: 0.1772
Batch 416/887, Batch Loss: 0.1503
Batch 420/887, Batch Loss: 0.1467
Batch 424/887, Batch Loss: 0.1464
Batch 428/887, Batch Loss: 0.1612
Batch 432/887, Batch Loss: 0.1188
Batch 436/887, Batch Loss: 0.0994
Batch 440/887, Batch Loss: 0.1301
Batch 444/887, Batch Loss: 0.1323
Batch 448/887, Batch Loss: 0.1279
Batch 452/887, Batch Loss: 0.1350
Batch 456/887, Batch Loss: 0.1353
Batch 460/887, Batch Loss: 0.1092
Batch 464/887, Batch Loss: 0.1287
Batch 468/887, Batch Loss: 0.1663
Batch 472/887, Batch Loss: 0.1289
Batch 476/887, Batch Loss: 0.1527
Batch 480/887, Batch Loss: 0.1101
Batch 484/887, Batch Loss: 0.1314
Batch 488/887, Batch Loss: 0.1442
Batch 492/887, Batch Loss: 0.1278
Batch 496/887, Batch Loss: 0.1597
Batch 500/887, Batch Loss: 0.1503
Batch 504/887, Batch Loss: 0.1275
Batch 508/887, Batch Loss: 0.1715
Batch 512/887, Batch Loss: 0.1264
Batch 516/887, Batch Loss: 0.1163
Batch 520/887, Batch Loss: 0.1325
Batch 524/887, Batch Loss: 0.1317
Batch 528/887, Batch Loss: 0.0976
Batch 532/887, Batch Loss: 0.1328
Batch 536/887, Batch Loss: 0.1467
Batch 540/887, Batch Loss: 0.1515
Batch 544/887, Batch Loss: 0.1196
Batch 548/887, Batch Loss: 0.1315
Batch 552/887, Batch Loss: 0.1254
Batch 556/887, Batch Loss: 0.1546
Batch 560/887, Batch Loss: 0.1251
Batch 564/887, Batch Loss: 0.1100
Batch 568/887, Batch Loss: 0.1637
Batch 572/887, Batch Loss: 0.1303
Batch 576/887, Batch Loss: 0.1449
Batch 580/887, Batch Loss: 0.1306
Batch 584/887, Batch Loss: 0.1423
Batch 588/887, Batch Loss: 0.1212
Batch 592/887, Batch Loss: 0.1318
Batch 596/887, Batch Loss: 0.1025
Batch 600/887, Batch Loss: 0.1522
Batch 604/887, Batch Loss: 0.1067
Batch 608/887, Batch Loss: 0.1207
Batch 612/887, Batch Loss: 0.0819
Batch 616/887, Batch Loss: 0.1413
Batch 620/887, Batch Loss: 0.0923
Batch 624/887, Batch Loss: 0.0995
Batch 628/887, Batch Loss: 0.1008
Batch 632/887, Batch Loss: 0.1947
Batch 636/887, Batch Loss: 0.1308
Batch 640/887, Batch Loss: 0.1430
Batch 644/887, Batch Loss: 0.1201
Batch 648/887, Batch Loss: 0.1271
Batch 652/887, Batch Loss: 0.1466
Batch 656/887, Batch Loss: 0.1299
Batch 660/887, Batch Loss: 0.1113
Batch 664/887, Batch Loss: 0.1515
Batch 668/887, Batch Loss: 0.1503
Batch 672/887, Batch Loss: 0.1495
Batch 676/887, Batch Loss: 0.1482
Batch 680/887, Batch Loss: 0.1397
Batch 684/887, Batch Loss: 0.1436
Batch 688/887, Batch Loss: 0.1422
Batch 692/887, Batch Loss: 0.1423
Batch 696/887, Batch Loss: 0.1306
Batch 700/887, Batch Loss: 0.1125
Batch 704/887, Batch Loss: 0.1321
Batch 708/887, Batch Loss: 0.1317
Batch 712/887, Batch Loss: 0.1257
Batch 716/887, Batch Loss: 0.1244
Batch 720/887, Batch Loss: 0.1767
Batch 724/887, Batch Loss: 0.1099
Batch 728/887, Batch Loss: 0.1542
Batch 732/887, Batch Loss: 0.1351
Batch 736/887, Batch Loss: 0.1228
Batch 740/887, Batch Loss: 0.1377
Batch 744/887, Batch Loss: 0.1173
Batch 748/887, Batch Loss: 0.1264
Batch 752/887, Batch Loss: 0.1895
Batch 756/887, Batch Loss: 0.1346
Batch 760/887, Batch Loss: 0.1311
Batch 764/887, Batch Loss: 0.1588
Batch 768/887, Batch Loss: 0.1174
Batch 772/887, Batch Loss: 0.1055
Batch 776/887, Batch Loss: 0.1084
Batch 780/887, Batch Loss: 0.1395
Batch 784/887, Batch Loss: 0.1180
Batch 788/887, Batch Loss: 0.1415
Batch 792/887, Batch Loss: 0.1708
Batch 796/887, Batch Loss: 0.1254
Batch 800/887, Batch Loss: 0.1603
Batch 804/887, Batch Loss: 0.1030
Batch 808/887, Batch Loss: 0.1498
Batch 812/887, Batch Loss: 0.1153
Batch 816/887, Batch Loss: 0.1435
Batch 820/887, Batch Loss: 0.1361
Batch 824/887, Batch Loss: 0.1349
Batch 828/887, Batch Loss: 0.1232
Batch 832/887, Batch Loss: 0.1235
Batch 836/887, Batch Loss: 0.1094
Batch 840/887, Batch Loss: 0.1407
Batch 844/887, Batch Loss: 0.1322
Batch 848/887, Batch Loss: 0.1366
Batch 852/887, Batch Loss: 0.1584
Batch 856/887, Batch Loss: 0.1443
Batch 860/887, Batch Loss: 0.1453
Batch 864/887, Batch Loss: 0.1161
Batch 868/887, Batch Loss: 0.1548
Batch 872/887, Batch Loss: 0.1282
Batch 876/887, Batch Loss: 0.1414
Batch 880/887, Batch Loss: 0.1397
Batch 884/887, Batch Loss: 0.1376
Training Loss: 0.1375
Validation Metrics: {'accuracy': 0.8029779532741034, 'precision': 0.6651685393258427, 'recall': 0.4728434504792332, 'f1': 0.5527544351073763}
Epoch 2/10
Batch 4/887, Batch Loss: 0.1385
Batch 8/887, Batch Loss: 0.1332
Batch 12/887, Batch Loss: 0.1395
Batch 16/887, Batch Loss: 0.1234
Batch 20/887, Batch Loss: 0.1160
Batch 24/887, Batch Loss: 0.1247
Batch 28/887, Batch Loss: 0.1375
Batch 32/887, Batch Loss: 0.1274
Batch 36/887, Batch Loss: 0.1228
Batch 40/887, Batch Loss: 0.1309
Batch 44/887, Batch Loss: 0.1393
Batch 48/887, Batch Loss: 0.1319
Batch 52/887, Batch Loss: 0.1152
Batch 56/887, Batch Loss: 0.0974
Batch 60/887, Batch Loss: 0.1262
Batch 64/887, Batch Loss: 0.1250
Batch 68/887, Batch Loss: 0.1391
Batch 72/887, Batch Loss: 0.1235
Batch 76/887, Batch Loss: 0.1685
Batch 80/887, Batch Loss: 0.1555
Batch 84/887, Batch Loss: 0.1153
Batch 88/887, Batch Loss: 0.1390
Batch 92/887, Batch Loss: 0.1364
Batch 96/887, Batch Loss: 0.1379
Batch 100/887, Batch Loss: 0.1557
Batch 104/887, Batch Loss: 0.1103
Batch 108/887, Batch Loss: 0.1502
Batch 112/887, Batch Loss: 0.1324
Batch 116/887, Batch Loss: 0.1408
Batch 120/887, Batch Loss: 0.1529
Batch 124/887, Batch Loss: 0.1240
Batch 128/887, Batch Loss: 0.1552
Batch 132/887, Batch Loss: 0.1790
Batch 136/887, Batch Loss: 0.1472
Batch 140/887, Batch Loss: 0.1260
Batch 144/887, Batch Loss: 0.1471
Batch 148/887, Batch Loss: 0.1316
Batch 152/887, Batch Loss: 0.1637
Batch 156/887, Batch Loss: 0.1232
Batch 160/887, Batch Loss: 0.1373
Batch 164/887, Batch Loss: 0.1303
Batch 168/887, Batch Loss: 0.1389
Batch 172/887, Batch Loss: 0.1212
Batch 176/887, Batch Loss: 0.1016
Batch 180/887, Batch Loss: 0.1026
Batch 184/887, Batch Loss: 0.1573
Batch 188/887, Batch Loss: 0.1240
Batch 192/887, Batch Loss: 0.1083
Batch 196/887, Batch Loss: 0.1254
Batch 200/887, Batch Loss: 0.1172
Batch 204/887, Batch Loss: 0.1235
Batch 208/887, Batch Loss: 0.1335
Batch 212/887, Batch Loss: 0.1194
Batch 216/887, Batch Loss: 0.1309
Batch 220/887, Batch Loss: 0.0984
Batch 224/887, Batch Loss: 0.1334
Batch 228/887, Batch Loss: 0.1458
Batch 232/887, Batch Loss: 0.1153
Batch 236/887, Batch Loss: 0.1071
Batch 240/887, Batch Loss: 0.1606
Batch 244/887, Batch Loss: 0.1533
Batch 248/887, Batch Loss: 0.0932
Batch 252/887, Batch Loss: 0.1247
Batch 256/887, Batch Loss: 0.1642
Batch 260/887, Batch Loss: 0.1358
Batch 264/887, Batch Loss: 0.1364
Batch 268/887, Batch Loss: 0.1950
Batch 272/887, Batch Loss: 0.1383
Batch 276/887, Batch Loss: 0.1605
Batch 280/887, Batch Loss: 0.1128
Batch 284/887, Batch Loss: 0.1345
Batch 288/887, Batch Loss: 0.1530
Batch 292/887, Batch Loss: 0.1358
Batch 296/887, Batch Loss: 0.1491
Batch 300/887, Batch Loss: 0.1432
Batch 304/887, Batch Loss: 0.1172
Batch 308/887, Batch Loss: 0.1200
Batch 312/887, Batch Loss: 0.1050
Batch 316/887, Batch Loss: 0.1327
Batch 320/887, Batch Loss: 0.1344
Batch 324/887, Batch Loss: 0.1217
Batch 328/887, Batch Loss: 0.1092
Batch 332/887, Batch Loss: 0.1415
Batch 336/887, Batch Loss: 0.1139
Batch 340/887, Batch Loss: 0.1717
Batch 344/887, Batch Loss: 0.1159
Batch 348/887, Batch Loss: 0.1240
Batch 352/887, Batch Loss: 0.1175
Batch 356/887, Batch Loss: 0.1069
Batch 360/887, Batch Loss: 0.1195
Batch 364/887, Batch Loss: 0.1227
Batch 368/887, Batch Loss: 0.1255
Batch 372/887, Batch Loss: 0.1492
Batch 376/887, Batch Loss: 0.1520
Batch 380/887, Batch Loss: 0.0986
Batch 384/887, Batch Loss: 0.1570
Batch 388/887, Batch Loss: 0.1002
Batch 392/887, Batch Loss: 0.1244
Batch 396/887, Batch Loss: 0.1321
Batch 400/887, Batch Loss: 0.1129
Batch 404/887, Batch Loss: 0.1408
Batch 408/887, Batch Loss: 0.1334
Batch 412/887, Batch Loss: 0.0864
Batch 416/887, Batch Loss: 0.1438
Batch 420/887, Batch Loss: 0.1538
Batch 424/887, Batch Loss: 0.1381
Batch 428/887, Batch Loss: 0.1575
Batch 432/887, Batch Loss: 0.1264
Batch 436/887, Batch Loss: 0.1391
Batch 440/887, Batch Loss: 0.1249
Batch 444/887, Batch Loss: 0.1259
Batch 448/887, Batch Loss: 0.1404
Batch 452/887, Batch Loss: 0.1165
Batch 456/887, Batch Loss: 0.1203
Batch 460/887, Batch Loss: 0.1082
Batch 464/887, Batch Loss: 0.1136
Batch 468/887, Batch Loss: 0.1484
Batch 472/887, Batch Loss: 0.1280
Batch 476/887, Batch Loss: 0.1357
Batch 480/887, Batch Loss: 0.1536
Batch 484/887, Batch Loss: 0.1403
Batch 488/887, Batch Loss: 0.0864
Batch 492/887, Batch Loss: 0.1148
Batch 496/887, Batch Loss: 0.1199
Batch 500/887, Batch Loss: 0.1258
Batch 504/887, Batch Loss: 0.1570
Batch 508/887, Batch Loss: 0.1289
Batch 512/887, Batch Loss: 0.1152
Batch 516/887, Batch Loss: 0.0780
Batch 520/887, Batch Loss: 0.1340
Batch 524/887, Batch Loss: 0.1344
Batch 528/887, Batch Loss: 0.1533
Batch 532/887, Batch Loss: 0.1202
Batch 536/887, Batch Loss: 0.1476
Batch 540/887, Batch Loss: 0.1056
Batch 544/887, Batch Loss: 0.1171
Batch 548/887, Batch Loss: 0.1572
Batch 552/887, Batch Loss: 0.1152
Batch 556/887, Batch Loss: 0.1423
Batch 560/887, Batch Loss: 0.1333
Batch 564/887, Batch Loss: 0.1270
Batch 568/887, Batch Loss: 0.1116
Batch 572/887, Batch Loss: 0.1172
Batch 576/887, Batch Loss: 0.1273
Batch 580/887, Batch Loss: 0.1187
Batch 584/887, Batch Loss: 0.1244
Batch 588/887, Batch Loss: 0.1432
Batch 592/887, Batch Loss: 0.1179
Batch 596/887, Batch Loss: 0.1261
Batch 600/887, Batch Loss: 0.1498
Batch 604/887, Batch Loss: 0.1179
Batch 608/887, Batch Loss: 0.1388
Batch 612/887, Batch Loss: 0.1123
Batch 616/887, Batch Loss: 0.1312
Batch 620/887, Batch Loss: 0.1289
Batch 624/887, Batch Loss: 0.1097
Batch 628/887, Batch Loss: 0.1281
Batch 632/887, Batch Loss: 0.1266
Batch 636/887, Batch Loss: 0.1338
Batch 640/887, Batch Loss: 0.1196
Batch 644/887, Batch Loss: 0.1143
Batch 648/887, Batch Loss: 0.1529
Batch 652/887, Batch Loss: 0.1468
Batch 656/887, Batch Loss: 0.1317
Batch 660/887, Batch Loss: 0.1317
Batch 664/887, Batch Loss: 0.1416
Batch 668/887, Batch Loss: 0.1546
Batch 672/887, Batch Loss: 0.0847
Batch 676/887, Batch Loss: 0.1268
Batch 680/887, Batch Loss: 0.1141
Batch 684/887, Batch Loss: 0.1989
Batch 688/887, Batch Loss: 0.1503
Batch 692/887, Batch Loss: 0.1311
Batch 696/887, Batch Loss: 0.1167
Batch 700/887, Batch Loss: 0.1502
Batch 704/887, Batch Loss: 0.1188
Batch 708/887, Batch Loss: 0.1293
Batch 712/887, Batch Loss: 0.1147
Batch 716/887, Batch Loss: 0.1396
Batch 720/887, Batch Loss: 0.1089
Batch 724/887, Batch Loss: 0.1138
Batch 728/887, Batch Loss: 0.1461
Batch 732/887, Batch Loss: 0.1132
Batch 736/887, Batch Loss: 0.1584
Batch 740/887, Batch Loss: 0.1213
Batch 744/887, Batch Loss: 0.1162
Batch 748/887, Batch Loss: 0.1402
Batch 752/887, Batch Loss: 0.1753
Batch 756/887, Batch Loss: 0.1148
Batch 760/887, Batch Loss: 0.1375
Batch 764/887, Batch Loss: 0.1305
Batch 768/887, Batch Loss: 0.1363
Batch 772/887, Batch Loss: 0.1387
Batch 776/887, Batch Loss: 0.1240
Batch 780/887, Batch Loss: 0.1228
Batch 784/887, Batch Loss: 0.1277
Batch 788/887, Batch Loss: 0.1200
Batch 792/887, Batch Loss: 0.1341
Batch 796/887, Batch Loss: 0.1012
Batch 800/887, Batch Loss: 0.1306
Batch 804/887, Batch Loss: 0.1234
Batch 808/887, Batch Loss: 0.1218
Batch 812/887, Batch Loss: 0.1190
Batch 816/887, Batch Loss: 0.1369
Batch 820/887, Batch Loss: 0.1170
Batch 824/887, Batch Loss: 0.1257
Batch 828/887, Batch Loss: 0.1139
Batch 832/887, Batch Loss: 0.1252
Batch 836/887, Batch Loss: 0.1313
Batch 840/887, Batch Loss: 0.1437
Batch 844/887, Batch Loss: 0.1294
Batch 848/887, Batch Loss: 0.1324
Batch 852/887, Batch Loss: 0.1338
Batch 856/887, Batch Loss: 0.1225
Batch 860/887, Batch Loss: 0.1442
Batch 864/887, Batch Loss: 0.1339
Batch 868/887, Batch Loss: 0.1504
Batch 872/887, Batch Loss: 0.0997
Batch 876/887, Batch Loss: 0.1365
Batch 880/887, Batch Loss: 0.1503
Batch 884/887, Batch Loss: 0.1520
Training Loss: 0.1297
Validation Metrics: {'accuracy': 0.8149062191510366, 'precision': 0.6831806827643631, 'recall': 0.5242811501597444, 'f1': 0.5932754880694143}
Epoch 3/10
Batch 4/887, Batch Loss: 0.1271
Batch 8/887, Batch Loss: 0.1311
Batch 12/887, Batch Loss: 0.1157
Batch 16/887, Batch Loss: 0.1291
Batch 20/887, Batch Loss: 0.1447
Batch 24/887, Batch Loss: 0.1321
Batch 28/887, Batch Loss: 0.1197
Batch 32/887, Batch Loss: 0.1226
Batch 36/887, Batch Loss: 0.1349
Batch 40/887, Batch Loss: 0.1659
Batch 44/887, Batch Loss: 0.1464
Batch 48/887, Batch Loss: 0.1334
Batch 52/887, Batch Loss: 0.1507
Batch 56/887, Batch Loss: 0.1570
Batch 60/887, Batch Loss: 0.1205
Batch 64/887, Batch Loss: 0.1127
Batch 68/887, Batch Loss: 0.0984
Batch 72/887, Batch Loss: 0.1234
Batch 76/887, Batch Loss: 0.0919
Batch 80/887, Batch Loss: 0.1433
Batch 84/887, Batch Loss: 0.1184
Batch 88/887, Batch Loss: 0.1033
Batch 92/887, Batch Loss: 0.1257
Batch 96/887, Batch Loss: 0.1005
Batch 100/887, Batch Loss: 0.1089
Batch 104/887, Batch Loss: 0.1417
Batch 108/887, Batch Loss: 0.1269
Batch 112/887, Batch Loss: 0.1331
Batch 116/887, Batch Loss: 0.1249
Batch 120/887, Batch Loss: 0.1358
Batch 124/887, Batch Loss: 0.1224
Batch 128/887, Batch Loss: 0.0869
Batch 132/887, Batch Loss: 0.1390
Batch 136/887, Batch Loss: 0.1352
Batch 140/887, Batch Loss: 0.1070
Batch 144/887, Batch Loss: 0.1121
Batch 148/887, Batch Loss: 0.1173
Batch 152/887, Batch Loss: 0.1145
Batch 156/887, Batch Loss: 0.0950
Batch 160/887, Batch Loss: 0.1222
Batch 164/887, Batch Loss: 0.1156
Batch 168/887, Batch Loss: 0.1134
Batch 172/887, Batch Loss: 0.1503
Batch 176/887, Batch Loss: 0.1174
Batch 180/887, Batch Loss: 0.1081
Batch 184/887, Batch Loss: 0.1250
Batch 188/887, Batch Loss: 0.1324
Batch 192/887, Batch Loss: 0.1327
Batch 196/887, Batch Loss: 0.1332
Batch 200/887, Batch Loss: 0.1410
Batch 204/887, Batch Loss: 0.1347
Batch 208/887, Batch Loss: 0.1134
Batch 212/887, Batch Loss: 0.1167
Batch 216/887, Batch Loss: 0.0823
Batch 220/887, Batch Loss: 0.1585
Batch 224/887, Batch Loss: 0.1550
Batch 228/887, Batch Loss: 0.1404
Batch 232/887, Batch Loss: 0.1491
Batch 236/887, Batch Loss: 0.1210
Batch 240/887, Batch Loss: 0.1470
Batch 244/887, Batch Loss: 0.1111
Batch 248/887, Batch Loss: 0.1129
Batch 252/887, Batch Loss: 0.1383
Batch 256/887, Batch Loss: 0.1066
Batch 260/887, Batch Loss: 0.1171
Batch 264/887, Batch Loss: 0.1395
Batch 268/887, Batch Loss: 0.1201
Batch 272/887, Batch Loss: 0.1097
Batch 276/887, Batch Loss: 0.1234
Batch 280/887, Batch Loss: 0.1465
Batch 284/887, Batch Loss: 0.0899
Batch 288/887, Batch Loss: 0.1383
Batch 292/887, Batch Loss: 0.1249
Batch 296/887, Batch Loss: 0.1108
Batch 300/887, Batch Loss: 0.1483
Batch 304/887, Batch Loss: 0.1362
Batch 308/887, Batch Loss: 0.1543
Batch 312/887, Batch Loss: 0.1010
Batch 316/887, Batch Loss: 0.1240
Batch 320/887, Batch Loss: 0.1123
Batch 324/887, Batch Loss: 0.1557
Batch 328/887, Batch Loss: 0.1187
Batch 332/887, Batch Loss: 0.1310
Batch 336/887, Batch Loss: 0.1237
Batch 340/887, Batch Loss: 0.1453
Batch 344/887, Batch Loss: 0.1146
Batch 348/887, Batch Loss: 0.1504
Batch 352/887, Batch Loss: 0.1218
Batch 356/887, Batch Loss: 0.1207
Batch 360/887, Batch Loss: 0.0856
Batch 364/887, Batch Loss: 0.1118
Batch 368/887, Batch Loss: 0.0990
Batch 372/887, Batch Loss: 0.1188
Batch 376/887, Batch Loss: 0.1128
Batch 380/887, Batch Loss: 0.0967
Batch 384/887, Batch Loss: 0.1699
Batch 388/887, Batch Loss: 0.1399
Batch 392/887, Batch Loss: 0.1013
Batch 396/887, Batch Loss: 0.0998
Batch 400/887, Batch Loss: 0.1044
Batch 404/887, Batch Loss: 0.1292
Batch 408/887, Batch Loss: 0.1267
Batch 412/887, Batch Loss: 0.1004
Batch 416/887, Batch Loss: 0.1250
Batch 420/887, Batch Loss: 0.1207
Batch 424/887, Batch Loss: 0.1305
Batch 428/887, Batch Loss: 0.1351
Batch 432/887, Batch Loss: 0.1495
Batch 436/887, Batch Loss: 0.1299
Batch 440/887, Batch Loss: 0.1186
Batch 444/887, Batch Loss: 0.1021
Batch 448/887, Batch Loss: 0.1335
Batch 452/887, Batch Loss: 0.1075
Batch 456/887, Batch Loss: 0.1000
Batch 460/887, Batch Loss: 0.1244
Batch 464/887, Batch Loss: 0.1070
Batch 468/887, Batch Loss: 0.1111
Batch 472/887, Batch Loss: 0.0961
Batch 476/887, Batch Loss: 0.1177
Batch 480/887, Batch Loss: 0.1379
Batch 484/887, Batch Loss: 0.0890
Batch 488/887, Batch Loss: 0.1139
Batch 492/887, Batch Loss: 0.1031
Batch 496/887, Batch Loss: 0.1502
Batch 500/887, Batch Loss: 0.0938
Batch 504/887, Batch Loss: 0.1053
Batch 508/887, Batch Loss: 0.1275
Batch 512/887, Batch Loss: 0.1557
Batch 516/887, Batch Loss: 0.1157
Batch 520/887, Batch Loss: 0.1939
Batch 524/887, Batch Loss: 0.1407
Batch 528/887, Batch Loss: 0.1540
Batch 532/887, Batch Loss: 0.1061
Batch 536/887, Batch Loss: 0.1083
Batch 540/887, Batch Loss: 0.1568
Batch 544/887, Batch Loss: 0.1280
Batch 548/887, Batch Loss: 0.1601
Batch 552/887, Batch Loss: 0.1415
Batch 556/887, Batch Loss: 0.1181
Batch 560/887, Batch Loss: 0.1325
Batch 564/887, Batch Loss: 0.1031
Batch 568/887, Batch Loss: 0.1186
Batch 572/887, Batch Loss: 0.1570
Batch 576/887, Batch Loss: 0.1611
Batch 580/887, Batch Loss: 0.1148
Batch 584/887, Batch Loss: 0.1411
Batch 588/887, Batch Loss: 0.1566
Batch 592/887, Batch Loss: 0.1303
Batch 596/887, Batch Loss: 0.1332
Batch 600/887, Batch Loss: 0.1379
Batch 604/887, Batch Loss: 0.1301
Batch 608/887, Batch Loss: 0.1257
Batch 612/887, Batch Loss: 0.1343
Batch 616/887, Batch Loss: 0.1268
Batch 620/887, Batch Loss: 0.1067
Batch 624/887, Batch Loss: 0.1076
Batch 628/887, Batch Loss: 0.1541
Batch 632/887, Batch Loss: 0.1503
Batch 636/887, Batch Loss: 0.1474
Batch 640/887, Batch Loss: 0.1524
Batch 644/887, Batch Loss: 0.1250
Batch 648/887, Batch Loss: 0.1322
Batch 652/887, Batch Loss: 0.1293
Batch 656/887, Batch Loss: 0.1191
Batch 660/887, Batch Loss: 0.1289
Batch 664/887, Batch Loss: 0.1340
Batch 668/887, Batch Loss: 0.1343
Batch 672/887, Batch Loss: 0.1283
Batch 676/887, Batch Loss: 0.1335
Batch 680/887, Batch Loss: 0.1475
Batch 684/887, Batch Loss: 0.1188
Batch 688/887, Batch Loss: 0.1145
Batch 692/887, Batch Loss: 0.1473
Batch 696/887, Batch Loss: 0.1078
Batch 700/887, Batch Loss: 0.1570
Batch 704/887, Batch Loss: 0.1185
Batch 708/887, Batch Loss: 0.1279
Batch 712/887, Batch Loss: 0.1340
Batch 716/887, Batch Loss: 0.1309
Batch 720/887, Batch Loss: 0.1741
Batch 724/887, Batch Loss: 0.1109
Batch 728/887, Batch Loss: 0.1329
Batch 732/887, Batch Loss: 0.1353
Batch 736/887, Batch Loss: 0.1094
Batch 740/887, Batch Loss: 0.1229
Batch 744/887, Batch Loss: 0.1204
Batch 748/887, Batch Loss: 0.1134
Batch 752/887, Batch Loss: 0.1466
Batch 756/887, Batch Loss: 0.1084
Batch 760/887, Batch Loss: 0.1109
Batch 764/887, Batch Loss: 0.1420
Batch 768/887, Batch Loss: 0.1079
Batch 772/887, Batch Loss: 0.1150
Batch 776/887, Batch Loss: 0.0796
Batch 780/887, Batch Loss: 0.1170
Batch 784/887, Batch Loss: 0.1156
Batch 788/887, Batch Loss: 0.0758
Batch 792/887, Batch Loss: 0.1167
Batch 796/887, Batch Loss: 0.1014
Batch 800/887, Batch Loss: 0.1379
Batch 804/887, Batch Loss: 0.1363
Batch 808/887, Batch Loss: 0.1072
Batch 812/887, Batch Loss: 0.1259
Batch 816/887, Batch Loss: 0.1286
Batch 820/887, Batch Loss: 0.1151
Batch 824/887, Batch Loss: 0.1203
Batch 828/887, Batch Loss: 0.1309
Batch 832/887, Batch Loss: 0.1193
Batch 836/887, Batch Loss: 0.1088
Batch 840/887, Batch Loss: 0.1032
Batch 844/887, Batch Loss: 0.1210
Batch 848/887, Batch Loss: 0.0904
Batch 852/887, Batch Loss: 0.0886
Batch 856/887, Batch Loss: 0.1055
Batch 860/887, Batch Loss: 0.1007
Batch 864/887, Batch Loss: 0.1522
Batch 868/887, Batch Loss: 0.1235
Batch 872/887, Batch Loss: 0.1088
Batch 876/887, Batch Loss: 0.1105
Batch 880/887, Batch Loss: 0.1526
Batch 884/887, Batch Loss: 0.1040
Training Loss: 0.1272
Validation Metrics: {'accuracy': 0.8255182625863771, 'precision': 0.7696419027258151, 'recall': 0.46006389776357826, 'f1': 0.5758848230353929}
Epoch 4/10
Batch 4/887, Batch Loss: 0.1043
Batch 8/887, Batch Loss: 0.1193
Batch 12/887, Batch Loss: 0.1311
Batch 16/887, Batch Loss: 0.1528
Batch 20/887, Batch Loss: 0.1588
Batch 24/887, Batch Loss: 0.1477
Batch 28/887, Batch Loss: 0.1221
Batch 32/887, Batch Loss: 0.1042
Batch 36/887, Batch Loss: 0.1485
Batch 40/887, Batch Loss: 0.1334
Batch 44/887, Batch Loss: 0.1026
Batch 48/887, Batch Loss: 0.1827
Batch 52/887, Batch Loss: 0.1296
Batch 56/887, Batch Loss: 0.1222
Batch 60/887, Batch Loss: 0.1377
Batch 64/887, Batch Loss: 0.1301
Batch 68/887, Batch Loss: 0.1617
Batch 72/887, Batch Loss: 0.1112
Batch 76/887, Batch Loss: 0.1322
Batch 80/887, Batch Loss: 0.1414
Batch 84/887, Batch Loss: 0.1016
Batch 88/887, Batch Loss: 0.1677
Batch 92/887, Batch Loss: 0.1379
Batch 96/887, Batch Loss: 0.1181
Batch 100/887, Batch Loss: 0.1102
Batch 104/887, Batch Loss: 0.1167
Batch 108/887, Batch Loss: 0.0916
Batch 112/887, Batch Loss: 0.1611
Batch 116/887, Batch Loss: 0.1168
Batch 120/887, Batch Loss: 0.1193
Batch 124/887, Batch Loss: 0.1412
Batch 128/887, Batch Loss: 0.1397
Batch 132/887, Batch Loss: 0.0976
Batch 136/887, Batch Loss: 0.1572
Batch 140/887, Batch Loss: 0.1074
Batch 144/887, Batch Loss: 0.1144
Batch 148/887, Batch Loss: 0.1049
Batch 152/887, Batch Loss: 0.1255
Batch 156/887, Batch Loss: 0.1159
Batch 160/887, Batch Loss: 0.1312
Batch 164/887, Batch Loss: 0.1246
Batch 168/887, Batch Loss: 0.1054
Batch 172/887, Batch Loss: 0.1080
Batch 176/887, Batch Loss: 0.1319
Batch 180/887, Batch Loss: 0.0853
Batch 184/887, Batch Loss: 0.1417
Batch 188/887, Batch Loss: 0.1384
Batch 192/887, Batch Loss: 0.1296
Batch 196/887, Batch Loss: 0.1275
Batch 200/887, Batch Loss: 0.1329
Batch 204/887, Batch Loss: 0.1232
Batch 208/887, Batch Loss: 0.1262
Batch 212/887, Batch Loss: 0.1336
Batch 216/887, Batch Loss: 0.1431
Batch 220/887, Batch Loss: 0.1201
Batch 224/887, Batch Loss: 0.1046
Batch 228/887, Batch Loss: 0.1643
Batch 232/887, Batch Loss: 0.1458
Batch 236/887, Batch Loss: 0.1199
Batch 240/887, Batch Loss: 0.1490
Batch 244/887, Batch Loss: 0.1165
Batch 248/887, Batch Loss: 0.1385
Batch 252/887, Batch Loss: 0.1247
Batch 256/887, Batch Loss: 0.1465
Batch 260/887, Batch Loss: 0.1244
Batch 264/887, Batch Loss: 0.1371
Batch 268/887, Batch Loss: 0.1585
Batch 272/887, Batch Loss: 0.0973
Batch 276/887, Batch Loss: 0.1228
Batch 280/887, Batch Loss: 0.1437
Batch 284/887, Batch Loss: 0.1172
Batch 288/887, Batch Loss: 0.1541
Batch 292/887, Batch Loss: 0.1058
Batch 296/887, Batch Loss: 0.1127
Batch 300/887, Batch Loss: 0.1319
Batch 304/887, Batch Loss: 0.1462
Batch 308/887, Batch Loss: 0.1419
Batch 312/887, Batch Loss: 0.1237
Batch 316/887, Batch Loss: 0.1373
Batch 320/887, Batch Loss: 0.0991
Batch 324/887, Batch Loss: 0.1224
Batch 328/887, Batch Loss: 0.1228
Batch 332/887, Batch Loss: 0.1268
Batch 336/887, Batch Loss: 0.1109
Batch 340/887, Batch Loss: 0.1043
Batch 344/887, Batch Loss: 0.0830
Batch 348/887, Batch Loss: 0.1217
Batch 352/887, Batch Loss: 0.1010
Batch 356/887, Batch Loss: 0.0893
Batch 360/887, Batch Loss: 0.0964
Batch 364/887, Batch Loss: 0.0979
Batch 368/887, Batch Loss: 0.1387
Batch 372/887, Batch Loss: 0.1006
Batch 376/887, Batch Loss: 0.1548
Batch 380/887, Batch Loss: 0.1482
Batch 384/887, Batch Loss: 0.1198
Batch 388/887, Batch Loss: 0.1098
Batch 392/887, Batch Loss: 0.0819
Batch 396/887, Batch Loss: 0.1204
Batch 400/887, Batch Loss: 0.1459
Batch 404/887, Batch Loss: 0.1181
Batch 408/887, Batch Loss: 0.1314
Batch 412/887, Batch Loss: 0.1175
Batch 416/887, Batch Loss: 0.1121
Batch 420/887, Batch Loss: 0.1328
Batch 424/887, Batch Loss: 0.1145
Batch 428/887, Batch Loss: 0.1311
Batch 432/887, Batch Loss: 0.1110
Batch 436/887, Batch Loss: 0.1742
Batch 440/887, Batch Loss: 0.1154
Batch 444/887, Batch Loss: 0.1345
Batch 448/887, Batch Loss: 0.1323
Batch 452/887, Batch Loss: 0.1251
Batch 456/887, Batch Loss: 0.1167
Batch 460/887, Batch Loss: 0.1333
Batch 464/887, Batch Loss: 0.1323
Batch 468/887, Batch Loss: 0.1097
Batch 472/887, Batch Loss: 0.1101
Batch 476/887, Batch Loss: 0.1130
Batch 480/887, Batch Loss: 0.1499
Batch 484/887, Batch Loss: 0.0897
Batch 488/887, Batch Loss: 0.1398
Batch 492/887, Batch Loss: 0.0947
Batch 496/887, Batch Loss: 0.1127
Batch 500/887, Batch Loss: 0.1168
Batch 504/887, Batch Loss: 0.1396
Batch 508/887, Batch Loss: 0.1802
Batch 512/887, Batch Loss: 0.1314
Batch 516/887, Batch Loss: 0.1089
Batch 520/887, Batch Loss: 0.1283
Batch 524/887, Batch Loss: 0.1301
Batch 528/887, Batch Loss: 0.1041
Batch 532/887, Batch Loss: 0.1359
Batch 536/887, Batch Loss: 0.1283
Batch 540/887, Batch Loss: 0.1047
Batch 544/887, Batch Loss: 0.1195
Batch 548/887, Batch Loss: 0.1269
Batch 552/887, Batch Loss: 0.1170
Batch 556/887, Batch Loss: 0.1236
Batch 560/887, Batch Loss: 0.1448
Batch 564/887, Batch Loss: 0.1267
Batch 568/887, Batch Loss: 0.1332
Batch 572/887, Batch Loss: 0.0995
Batch 576/887, Batch Loss: 0.1021
Batch 580/887, Batch Loss: 0.1166
Batch 584/887, Batch Loss: 0.1310
Batch 588/887, Batch Loss: 0.1278
Batch 592/887, Batch Loss: 0.1326
Batch 596/887, Batch Loss: 0.1152
Batch 600/887, Batch Loss: 0.1057
Batch 604/887, Batch Loss: 0.1320
Batch 608/887, Batch Loss: 0.1642
Batch 612/887, Batch Loss: 0.1148
Batch 616/887, Batch Loss: 0.1156
Batch 620/887, Batch Loss: 0.1171
Batch 624/887, Batch Loss: 0.1275
Batch 628/887, Batch Loss: 0.1456
Batch 632/887, Batch Loss: 0.1519
Batch 636/887, Batch Loss: 0.1444
Batch 640/887, Batch Loss: 0.1301
Batch 644/887, Batch Loss: 0.1402
Batch 648/887, Batch Loss: 0.1228
Batch 652/887, Batch Loss: 0.1284
Batch 656/887, Batch Loss: 0.1402
Batch 660/887, Batch Loss: 0.1153
Batch 664/887, Batch Loss: 0.1313
Batch 668/887, Batch Loss: 0.1333
Batch 672/887, Batch Loss: 0.1195
Batch 676/887, Batch Loss: 0.1331
Batch 680/887, Batch Loss: 0.1194
Batch 684/887, Batch Loss: 0.1246
Batch 688/887, Batch Loss: 0.1217
Batch 692/887, Batch Loss: 0.1293
Batch 696/887, Batch Loss: 0.1223
Batch 700/887, Batch Loss: 0.0981
Batch 704/887, Batch Loss: 0.1081
Batch 708/887, Batch Loss: 0.1310
Batch 712/887, Batch Loss: 0.1296
Batch 716/887, Batch Loss: 0.1369
Batch 720/887, Batch Loss: 0.1092
Batch 724/887, Batch Loss: 0.1179
Batch 728/887, Batch Loss: 0.1406
Batch 732/887, Batch Loss: 0.1240
Batch 736/887, Batch Loss: 0.1214
Batch 740/887, Batch Loss: 0.1474
Batch 744/887, Batch Loss: 0.1121
Batch 748/887, Batch Loss: 0.1254
Batch 752/887, Batch Loss: 0.0947
Batch 756/887, Batch Loss: 0.1443
Batch 760/887, Batch Loss: 0.1326
Batch 764/887, Batch Loss: 0.1228
Batch 768/887, Batch Loss: 0.1158
Batch 772/887, Batch Loss: 0.1085
Batch 776/887, Batch Loss: 0.1417
Batch 780/887, Batch Loss: 0.1152
Batch 784/887, Batch Loss: 0.1200
Batch 788/887, Batch Loss: 0.1447
Batch 792/887, Batch Loss: 0.1458
Batch 796/887, Batch Loss: 0.1087
Batch 800/887, Batch Loss: 0.1148
Batch 804/887, Batch Loss: 0.0986
Batch 808/887, Batch Loss: 0.1006
Batch 812/887, Batch Loss: 0.1097
Batch 816/887, Batch Loss: 0.0879
Batch 820/887, Batch Loss: 0.1167
Batch 824/887, Batch Loss: 0.1080
Batch 828/887, Batch Loss: 0.1182
Batch 832/887, Batch Loss: 0.1296
Batch 836/887, Batch Loss: 0.1089
Batch 840/887, Batch Loss: 0.1129
Batch 844/887, Batch Loss: 0.1120
Batch 848/887, Batch Loss: 0.1149
Batch 852/887, Batch Loss: 0.1109
Batch 856/887, Batch Loss: 0.1405
Batch 860/887, Batch Loss: 0.1076
Batch 864/887, Batch Loss: 0.0979
Batch 868/887, Batch Loss: 0.1379
Batch 872/887, Batch Loss: 0.1457
Batch 876/887, Batch Loss: 0.1245
Batch 880/887, Batch Loss: 0.1527
Batch 884/887, Batch Loss: 0.1744
Training Loss: 0.1252
Validation Metrics: {'accuracy': 0.8241197762421849, 'precision': 0.6861861861861862, 'recall': 0.5840255591054313, 'f1': 0.6309975837072834}
Epoch 5/10
Batch 4/887, Batch Loss: 0.1486
Batch 8/887, Batch Loss: 0.1148
Batch 12/887, Batch Loss: 0.1335
Batch 16/887, Batch Loss: 0.1043
Batch 20/887, Batch Loss: 0.1325
Batch 24/887, Batch Loss: 0.1313
Batch 28/887, Batch Loss: 0.1241
Batch 32/887, Batch Loss: 0.1191
Batch 36/887, Batch Loss: 0.1228
Batch 40/887, Batch Loss: 0.0981
Batch 44/887, Batch Loss: 0.0969
Batch 48/887, Batch Loss: 0.1328
Batch 52/887, Batch Loss: 0.0767
Batch 56/887, Batch Loss: 0.1311
Batch 60/887, Batch Loss: 0.1548
Batch 64/887, Batch Loss: 0.1336
Batch 68/887, Batch Loss: 0.1290
Batch 72/887, Batch Loss: 0.1154
Batch 76/887, Batch Loss: 0.1246
Batch 80/887, Batch Loss: 0.1228
Batch 84/887, Batch Loss: 0.1117
Batch 88/887, Batch Loss: 0.1566
Batch 92/887, Batch Loss: 0.1627
Batch 96/887, Batch Loss: 0.1299
Batch 100/887, Batch Loss: 0.1164
Batch 104/887, Batch Loss: 0.1477
Batch 108/887, Batch Loss: 0.1060
Batch 112/887, Batch Loss: 0.0974
Batch 116/887, Batch Loss: 0.1302
Batch 120/887, Batch Loss: 0.1231
Batch 124/887, Batch Loss: 0.1574
Batch 128/887, Batch Loss: 0.1207
Batch 132/887, Batch Loss: 0.0902
Batch 136/887, Batch Loss: 0.1301
Batch 140/887, Batch Loss: 0.0872
Batch 144/887, Batch Loss: 0.0883
Batch 148/887, Batch Loss: 0.1413
Batch 152/887, Batch Loss: 0.1317
Batch 156/887, Batch Loss: 0.0971
Batch 160/887, Batch Loss: 0.1311
Batch 164/887, Batch Loss: 0.1342
Batch 168/887, Batch Loss: 0.1036
Batch 172/887, Batch Loss: 0.1164
Batch 176/887, Batch Loss: 0.1140
Batch 180/887, Batch Loss: 0.1009
Batch 184/887, Batch Loss: 0.1373
Batch 188/887, Batch Loss: 0.1238
Batch 192/887, Batch Loss: 0.1183
Batch 196/887, Batch Loss: 0.1326
Batch 200/887, Batch Loss: 0.1030
Batch 204/887, Batch Loss: 0.1535
Batch 208/887, Batch Loss: 0.1341
Batch 212/887, Batch Loss: 0.1130
Batch 216/887, Batch Loss: 0.0977
Batch 220/887, Batch Loss: 0.1683
Batch 224/887, Batch Loss: 0.1211
Batch 228/887, Batch Loss: 0.1234
Batch 232/887, Batch Loss: 0.0957
Batch 236/887, Batch Loss: 0.1201
Batch 240/887, Batch Loss: 0.1194
Batch 244/887, Batch Loss: 0.1166
Batch 248/887, Batch Loss: 0.1062
Batch 252/887, Batch Loss: 0.1244
Batch 256/887, Batch Loss: 0.1315
Batch 260/887, Batch Loss: 0.1155
Batch 264/887, Batch Loss: 0.1444
Batch 268/887, Batch Loss: 0.1352
Batch 272/887, Batch Loss: 0.1232
Batch 276/887, Batch Loss: 0.1232
Batch 280/887, Batch Loss: 0.1168
Batch 284/887, Batch Loss: 0.1540
Batch 288/887, Batch Loss: 0.1220
Batch 292/887, Batch Loss: 0.1318
Batch 296/887, Batch Loss: 0.1238
Batch 300/887, Batch Loss: 0.1502
Batch 304/887, Batch Loss: 0.1311
Batch 308/887, Batch Loss: 0.1175
Batch 312/887, Batch Loss: 0.1249
Batch 316/887, Batch Loss: 0.1148
Batch 320/887, Batch Loss: 0.1084
Batch 324/887, Batch Loss: 0.1165
Batch 328/887, Batch Loss: 0.1213
Batch 332/887, Batch Loss: 0.1131
Batch 336/887, Batch Loss: 0.1206
Batch 340/887, Batch Loss: 0.1095
Batch 344/887, Batch Loss: 0.1089
Batch 348/887, Batch Loss: 0.1055
Batch 352/887, Batch Loss: 0.1037
Batch 356/887, Batch Loss: 0.1178
Batch 360/887, Batch Loss: 0.1211
Batch 364/887, Batch Loss: 0.1039
Batch 368/887, Batch Loss: 0.1590
Batch 372/887, Batch Loss: 0.1274
Batch 376/887, Batch Loss: 0.1196
Batch 380/887, Batch Loss: 0.1223
Batch 384/887, Batch Loss: 0.1246
Batch 388/887, Batch Loss: 0.1299
Batch 392/887, Batch Loss: 0.1382
Batch 396/887, Batch Loss: 0.1183
Batch 400/887, Batch Loss: 0.1282
Batch 404/887, Batch Loss: 0.1321
Batch 408/887, Batch Loss: 0.1441
Batch 412/887, Batch Loss: 0.1294
Batch 416/887, Batch Loss: 0.1437
Batch 420/887, Batch Loss: 0.1130
Batch 424/887, Batch Loss: 0.1452
Batch 428/887, Batch Loss: 0.1406
Batch 432/887, Batch Loss: 0.1138
Batch 436/887, Batch Loss: 0.1006
Batch 440/887, Batch Loss: 0.1241
Batch 444/887, Batch Loss: 0.1281
Batch 448/887, Batch Loss: 0.1162
Batch 452/887, Batch Loss: 0.1127
Batch 456/887, Batch Loss: 0.1260
Batch 460/887, Batch Loss: 0.1351
Batch 464/887, Batch Loss: 0.1374
Batch 468/887, Batch Loss: 0.1348
Batch 472/887, Batch Loss: 0.0906
Batch 476/887, Batch Loss: 0.1331
Batch 480/887, Batch Loss: 0.1096
Batch 484/887, Batch Loss: 0.1307
Batch 488/887, Batch Loss: 0.1117
Batch 492/887, Batch Loss: 0.1205
Batch 496/887, Batch Loss: 0.1490
Batch 500/887, Batch Loss: 0.1350
Batch 504/887, Batch Loss: 0.1182
Batch 508/887, Batch Loss: 0.1435
Batch 512/887, Batch Loss: 0.1292
Batch 516/887, Batch Loss: 0.1169
Batch 520/887, Batch Loss: 0.1263
Batch 524/887, Batch Loss: 0.1433
Batch 528/887, Batch Loss: 0.1355
Batch 532/887, Batch Loss: 0.1134
Batch 536/887, Batch Loss: 0.1712
Batch 540/887, Batch Loss: 0.1480
Batch 544/887, Batch Loss: 0.1207
Batch 548/887, Batch Loss: 0.1127
Batch 552/887, Batch Loss: 0.1347
Batch 556/887, Batch Loss: 0.0998
Batch 560/887, Batch Loss: 0.1348
Batch 564/887, Batch Loss: 0.1171
Batch 568/887, Batch Loss: 0.1398
Batch 572/887, Batch Loss: 0.1396
Batch 576/887, Batch Loss: 0.1050
Batch 580/887, Batch Loss: 0.1082
Batch 584/887, Batch Loss: 0.1127
Batch 588/887, Batch Loss: 0.1712
Batch 592/887, Batch Loss: 0.1585
Batch 596/887, Batch Loss: 0.1023
Batch 600/887, Batch Loss: 0.1461
Batch 604/887, Batch Loss: 0.1273
Batch 608/887, Batch Loss: 0.1233
Batch 612/887, Batch Loss: 0.1393
Batch 616/887, Batch Loss: 0.1059
Batch 620/887, Batch Loss: 0.1356
Batch 624/887, Batch Loss: 0.1300
Batch 628/887, Batch Loss: 0.1112
Batch 632/887, Batch Loss: 0.1397
Batch 636/887, Batch Loss: 0.0864
Batch 640/887, Batch Loss: 0.1146
Batch 644/887, Batch Loss: 0.1296
Batch 648/887, Batch Loss: 0.1305
Batch 652/887, Batch Loss: 0.1194
Batch 656/887, Batch Loss: 0.1194
Batch 660/887, Batch Loss: 0.1370
Batch 664/887, Batch Loss: 0.1182
Batch 668/887, Batch Loss: 0.1125
Batch 672/887, Batch Loss: 0.1059
Batch 676/887, Batch Loss: 0.1323
Batch 680/887, Batch Loss: 0.1211
Batch 684/887, Batch Loss: 0.1258
Batch 688/887, Batch Loss: 0.1271
Batch 692/887, Batch Loss: 0.1350
Batch 696/887, Batch Loss: 0.1257
Batch 700/887, Batch Loss: 0.1093
Batch 704/887, Batch Loss: 0.1632
Batch 708/887, Batch Loss: 0.1135
Batch 712/887, Batch Loss: 0.1356
Batch 716/887, Batch Loss: 0.1491
Batch 720/887, Batch Loss: 0.1605
Batch 724/887, Batch Loss: 0.1216
Batch 728/887, Batch Loss: 0.1349
Batch 732/887, Batch Loss: 0.0943
Batch 736/887, Batch Loss: 0.1321
Batch 740/887, Batch Loss: 0.1022
Batch 744/887, Batch Loss: 0.1192
Batch 748/887, Batch Loss: 0.1358
Batch 752/887, Batch Loss: 0.1363
Batch 756/887, Batch Loss: 0.1316
Batch 760/887, Batch Loss: 0.0954
Batch 764/887, Batch Loss: 0.1147
Batch 768/887, Batch Loss: 0.1236
Batch 772/887, Batch Loss: 0.1258
Batch 776/887, Batch Loss: 0.1426
Batch 780/887, Batch Loss: 0.1071
Batch 784/887, Batch Loss: 0.1115
Batch 788/887, Batch Loss: 0.1165
Batch 792/887, Batch Loss: 0.1209
Batch 796/887, Batch Loss: 0.1350
Batch 800/887, Batch Loss: 0.0821
Batch 804/887, Batch Loss: 0.1152
Batch 808/887, Batch Loss: 0.1486
Batch 812/887, Batch Loss: 0.1255
Batch 816/887, Batch Loss: 0.1190
Batch 820/887, Batch Loss: 0.1145
Batch 824/887, Batch Loss: 0.1117
Batch 828/887, Batch Loss: 0.1352
Batch 832/887, Batch Loss: 0.1245
Batch 836/887, Batch Loss: 0.1165
Batch 840/887, Batch Loss: 0.1172
Batch 844/887, Batch Loss: 0.1044
Batch 848/887, Batch Loss: 0.1048
Batch 852/887, Batch Loss: 0.1208
Batch 856/887, Batch Loss: 0.1060
Batch 860/887, Batch Loss: 0.1097
Batch 864/887, Batch Loss: 0.0893
Batch 868/887, Batch Loss: 0.1721
Batch 872/887, Batch Loss: 0.1443
Batch 876/887, Batch Loss: 0.1138
Batch 880/887, Batch Loss: 0.1010
Batch 884/887, Batch Loss: 0.1223
Training Loss: 0.1229
Validation Metrics: {'accuracy': 0.8361303060217177, 'precision': 0.737876254180602, 'recall': 0.5638977635782748, 'f1': 0.6392611372691054}
Epoch 6/10
Batch 4/887, Batch Loss: 0.1459
Batch 8/887, Batch Loss: 0.1464
Batch 12/887, Batch Loss: 0.1393
Batch 16/887, Batch Loss: 0.1332
Batch 20/887, Batch Loss: 0.1204
Batch 24/887, Batch Loss: 0.1331
Batch 28/887, Batch Loss: 0.1260
Batch 32/887, Batch Loss: 0.1017
Batch 36/887, Batch Loss: 0.1224
Batch 40/887, Batch Loss: 0.1137
Batch 44/887, Batch Loss: 0.1061
Batch 48/887, Batch Loss: 0.0884
Batch 52/887, Batch Loss: 0.1239
Batch 56/887, Batch Loss: 0.1176
Batch 60/887, Batch Loss: 0.1145
Batch 64/887, Batch Loss: 0.1112
Batch 68/887, Batch Loss: 0.1546
Batch 72/887, Batch Loss: 0.1185
Batch 76/887, Batch Loss: 0.1367
Batch 80/887, Batch Loss: 0.1405
Batch 84/887, Batch Loss: 0.1430
Batch 88/887, Batch Loss: 0.0990
Batch 92/887, Batch Loss: 0.1252
Batch 96/887, Batch Loss: 0.1302
Batch 100/887, Batch Loss: 0.1350
Batch 104/887, Batch Loss: 0.0785
Batch 108/887, Batch Loss: 0.1079
Batch 112/887, Batch Loss: 0.1452
Batch 116/887, Batch Loss: 0.1040
Batch 120/887, Batch Loss: 0.1449
Batch 124/887, Batch Loss: 0.1555
Batch 128/887, Batch Loss: 0.1218
Batch 132/887, Batch Loss: 0.1226
Batch 136/887, Batch Loss: 0.1111
Batch 140/887, Batch Loss: 0.1382
Batch 144/887, Batch Loss: 0.1416
Batch 148/887, Batch Loss: 0.1408
Batch 152/887, Batch Loss: 0.1316
Batch 156/887, Batch Loss: 0.0918
Batch 160/887, Batch Loss: 0.1148
Batch 164/887, Batch Loss: 0.1387
Batch 168/887, Batch Loss: 0.1391
Batch 172/887, Batch Loss: 0.0946
Batch 176/887, Batch Loss: 0.1289
Batch 180/887, Batch Loss: 0.1391
Batch 184/887, Batch Loss: 0.1361
Batch 188/887, Batch Loss: 0.0960
Batch 192/887, Batch Loss: 0.1045
Batch 196/887, Batch Loss: 0.1210
Batch 200/887, Batch Loss: 0.1346
Batch 204/887, Batch Loss: 0.1577
Batch 208/887, Batch Loss: 0.1243
Batch 212/887, Batch Loss: 0.1288
Batch 216/887, Batch Loss: 0.1232
Batch 220/887, Batch Loss: 0.1367
Batch 224/887, Batch Loss: 0.1238
Batch 228/887, Batch Loss: 0.1491
Batch 232/887, Batch Loss: 0.1288
Batch 236/887, Batch Loss: 0.1268
Batch 240/887, Batch Loss: 0.1382
Batch 244/887, Batch Loss: 0.1256
Batch 248/887, Batch Loss: 0.1056
Batch 252/887, Batch Loss: 0.1069
Batch 256/887, Batch Loss: 0.0903
Batch 260/887, Batch Loss: 0.1426
Batch 264/887, Batch Loss: 0.1234
Batch 268/887, Batch Loss: 0.1513
Batch 272/887, Batch Loss: 0.0847
Batch 276/887, Batch Loss: 0.1163
Batch 280/887, Batch Loss: 0.1041
Batch 284/887, Batch Loss: 0.1181
Batch 288/887, Batch Loss: 0.1499
Batch 292/887, Batch Loss: 0.1147
Batch 296/887, Batch Loss: 0.1081
Batch 300/887, Batch Loss: 0.1135
Batch 304/887, Batch Loss: 0.1346
Batch 308/887, Batch Loss: 0.1259
Batch 312/887, Batch Loss: 0.0997
Batch 316/887, Batch Loss: 0.1397
Batch 320/887, Batch Loss: 0.1265
Batch 324/887, Batch Loss: 0.1222
Batch 328/887, Batch Loss: 0.0986
Batch 332/887, Batch Loss: 0.0990
Batch 336/887, Batch Loss: 0.1357
Batch 340/887, Batch Loss: 0.0903
Batch 344/887, Batch Loss: 0.1258
Batch 348/887, Batch Loss: 0.1053
Batch 352/887, Batch Loss: 0.1237
Batch 356/887, Batch Loss: 0.1022
Batch 360/887, Batch Loss: 0.1247
Batch 364/887, Batch Loss: 0.1267
Batch 368/887, Batch Loss: 0.1056
Batch 372/887, Batch Loss: 0.1058
Batch 376/887, Batch Loss: 0.1309
Batch 380/887, Batch Loss: 0.1432
Batch 384/887, Batch Loss: 0.1311
Batch 388/887, Batch Loss: 0.1006
Batch 392/887, Batch Loss: 0.1412
Batch 396/887, Batch Loss: 0.1180
Batch 400/887, Batch Loss: 0.1025
Batch 404/887, Batch Loss: 0.0977
Batch 408/887, Batch Loss: 0.1105
Batch 412/887, Batch Loss: 0.1282
Batch 416/887, Batch Loss: 0.1214
Batch 420/887, Batch Loss: 0.1227
Batch 424/887, Batch Loss: 0.1368
Batch 428/887, Batch Loss: 0.1026
Batch 432/887, Batch Loss: 0.1027
Batch 436/887, Batch Loss: 0.0857
Batch 440/887, Batch Loss: 0.1214
Batch 444/887, Batch Loss: 0.0849
Batch 448/887, Batch Loss: 0.1018
Batch 452/887, Batch Loss: 0.0984
Batch 456/887, Batch Loss: 0.0990
Batch 460/887, Batch Loss: 0.1098
Batch 464/887, Batch Loss: 0.1067
Batch 468/887, Batch Loss: 0.1056
Batch 472/887, Batch Loss: 0.1270
Batch 476/887, Batch Loss: 0.0964
Batch 480/887, Batch Loss: 0.1498
Batch 484/887, Batch Loss: 0.1200
Batch 488/887, Batch Loss: 0.1033
Batch 492/887, Batch Loss: 0.0826
Batch 496/887, Batch Loss: 0.1126
Batch 500/887, Batch Loss: 0.1244
Batch 504/887, Batch Loss: 0.1064
Batch 508/887, Batch Loss: 0.1123
Batch 512/887, Batch Loss: 0.1039
Batch 516/887, Batch Loss: 0.1326
Batch 520/887, Batch Loss: 0.1189
Batch 524/887, Batch Loss: 0.1206
Batch 528/887, Batch Loss: 0.1142
Batch 532/887, Batch Loss: 0.1662
Batch 536/887, Batch Loss: 0.1094
Batch 540/887, Batch Loss: 0.1335
Batch 544/887, Batch Loss: 0.1707
Batch 548/887, Batch Loss: 0.1273
Batch 552/887, Batch Loss: 0.1108
Batch 556/887, Batch Loss: 0.1200
Batch 560/887, Batch Loss: 0.0887
Batch 564/887, Batch Loss: 0.1162
Batch 568/887, Batch Loss: 0.1048
Batch 572/887, Batch Loss: 0.1298
Batch 576/887, Batch Loss: 0.1007
Batch 580/887, Batch Loss: 0.1370
Batch 584/887, Batch Loss: 0.1220
Batch 588/887, Batch Loss: 0.1102
Batch 592/887, Batch Loss: 0.1194
Batch 596/887, Batch Loss: 0.1072
Batch 600/887, Batch Loss: 0.1230
Batch 604/887, Batch Loss: 0.1171
Batch 608/887, Batch Loss: 0.0982
Batch 612/887, Batch Loss: 0.0916
Batch 616/887, Batch Loss: 0.1282
Batch 620/887, Batch Loss: 0.1315
Batch 624/887, Batch Loss: 0.1088
Batch 628/887, Batch Loss: 0.1094
Batch 632/887, Batch Loss: 0.1350
Batch 636/887, Batch Loss: 0.1118
Batch 640/887, Batch Loss: 0.1575
Batch 644/887, Batch Loss: 0.1137
Batch 648/887, Batch Loss: 0.1155
Batch 652/887, Batch Loss: 0.1371
Batch 656/887, Batch Loss: 0.1066
Batch 660/887, Batch Loss: 0.1505
Batch 664/887, Batch Loss: 0.1352
Batch 668/887, Batch Loss: 0.1720
Batch 672/887, Batch Loss: 0.1238
Batch 676/887, Batch Loss: 0.1337
Batch 680/887, Batch Loss: 0.1786
Batch 684/887, Batch Loss: 0.1307
Batch 688/887, Batch Loss: 0.1075
Batch 692/887, Batch Loss: 0.1103
Batch 696/887, Batch Loss: 0.1175
Batch 700/887, Batch Loss: 0.1137
Batch 704/887, Batch Loss: 0.1353
Batch 708/887, Batch Loss: 0.1048
Batch 712/887, Batch Loss: 0.1312
Batch 716/887, Batch Loss: 0.1128
Batch 720/887, Batch Loss: 0.1162
Batch 724/887, Batch Loss: 0.1263
Batch 728/887, Batch Loss: 0.1051
Batch 732/887, Batch Loss: 0.1183
Batch 736/887, Batch Loss: 0.1526
Batch 740/887, Batch Loss: 0.1208
Batch 744/887, Batch Loss: 0.1221
Batch 748/887, Batch Loss: 0.1305
Batch 752/887, Batch Loss: 0.1047
Batch 756/887, Batch Loss: 0.1098
Batch 760/887, Batch Loss: 0.1069
Batch 764/887, Batch Loss: 0.1172
Batch 768/887, Batch Loss: 0.1044
Batch 772/887, Batch Loss: 0.1278
Batch 776/887, Batch Loss: 0.1285
Batch 780/887, Batch Loss: 0.0957
Batch 784/887, Batch Loss: 0.1058
Batch 788/887, Batch Loss: 0.1161
Batch 792/887, Batch Loss: 0.1384
Batch 796/887, Batch Loss: 0.1142
Batch 800/887, Batch Loss: 0.1290
Batch 804/887, Batch Loss: 0.1281
Batch 808/887, Batch Loss: 0.1077
Batch 812/887, Batch Loss: 0.1144
Batch 816/887, Batch Loss: 0.1210
Batch 820/887, Batch Loss: 0.1051
Batch 824/887, Batch Loss: 0.1159
Batch 828/887, Batch Loss: 0.1191
Batch 832/887, Batch Loss: 0.1349
Batch 836/887, Batch Loss: 0.1504
Batch 840/887, Batch Loss: 0.1310
Batch 844/887, Batch Loss: 0.1196
Batch 848/887, Batch Loss: 0.1177
Batch 852/887, Batch Loss: 0.1276
Batch 856/887, Batch Loss: 0.0903
Batch 860/887, Batch Loss: 0.1526
Batch 864/887, Batch Loss: 0.0930
Batch 868/887, Batch Loss: 0.1062
Batch 872/887, Batch Loss: 0.1172
Batch 876/887, Batch Loss: 0.1063
Batch 880/887, Batch Loss: 0.1374
Batch 884/887, Batch Loss: 0.1315
Training Loss: 0.1219
Validation Metrics: {'accuracy': 0.8366238894373149, 'precision': 0.8279816513761468, 'recall': 0.46134185303514375, 'f1': 0.5925318013951579}
Epoch 7/10
Batch 4/887, Batch Loss: 0.1380
Batch 8/887, Batch Loss: 0.1316
Batch 12/887, Batch Loss: 0.1273
Batch 16/887, Batch Loss: 0.0839
Batch 20/887, Batch Loss: 0.1183
Batch 24/887, Batch Loss: 0.0951
Batch 28/887, Batch Loss: 0.1380
Batch 32/887, Batch Loss: 0.0912
Batch 36/887, Batch Loss: 0.1267
Batch 40/887, Batch Loss: 0.1515
Batch 44/887, Batch Loss: 0.1287
Batch 48/887, Batch Loss: 0.1572
Batch 52/887, Batch Loss: 0.1306
Batch 56/887, Batch Loss: 0.1199
Batch 60/887, Batch Loss: 0.1329
Batch 64/887, Batch Loss: 0.1229
Batch 68/887, Batch Loss: 0.0975
Batch 72/887, Batch Loss: 0.1185
Batch 76/887, Batch Loss: 0.0995
Batch 80/887, Batch Loss: 0.1216
Batch 84/887, Batch Loss: 0.1135
Batch 88/887, Batch Loss: 0.1133
Batch 92/887, Batch Loss: 0.1179
Batch 96/887, Batch Loss: 0.0988
Batch 100/887, Batch Loss: 0.1415
Batch 104/887, Batch Loss: 0.0801
Batch 108/887, Batch Loss: 0.1283
Batch 112/887, Batch Loss: 0.1329
Batch 116/887, Batch Loss: 0.1549
Batch 120/887, Batch Loss: 0.1201
Batch 124/887, Batch Loss: 0.1082
Batch 128/887, Batch Loss: 0.1110
Batch 132/887, Batch Loss: 0.1332
Batch 136/887, Batch Loss: 0.1532
Batch 140/887, Batch Loss: 0.1456
Batch 144/887, Batch Loss: 0.1460
Batch 148/887, Batch Loss: 0.1126
Batch 152/887, Batch Loss: 0.1197
Batch 156/887, Batch Loss: 0.1615
Batch 160/887, Batch Loss: 0.1596
Batch 164/887, Batch Loss: 0.1239
Batch 168/887, Batch Loss: 0.1309
Batch 172/887, Batch Loss: 0.1173
Batch 176/887, Batch Loss: 0.1271
Batch 180/887, Batch Loss: 0.1554
Batch 184/887, Batch Loss: 0.1433
Batch 188/887, Batch Loss: 0.1185
Batch 192/887, Batch Loss: 0.1228
Batch 196/887, Batch Loss: 0.1252
Batch 200/887, Batch Loss: 0.1330
Batch 204/887, Batch Loss: 0.1146
Batch 208/887, Batch Loss: 0.1337
Batch 212/887, Batch Loss: 0.1125
Batch 216/887, Batch Loss: 0.1274
Batch 220/887, Batch Loss: 0.1089
Batch 224/887, Batch Loss: 0.0823
Batch 228/887, Batch Loss: 0.1302
Batch 232/887, Batch Loss: 0.1273
Batch 236/887, Batch Loss: 0.1161
Batch 240/887, Batch Loss: 0.1174
Batch 244/887, Batch Loss: 0.1026
Batch 248/887, Batch Loss: 0.0984
Batch 252/887, Batch Loss: 0.0904
Batch 256/887, Batch Loss: 0.1452
Batch 260/887, Batch Loss: 0.1017
Batch 264/887, Batch Loss: 0.1398
Batch 268/887, Batch Loss: 0.1158
Batch 272/887, Batch Loss: 0.0940
Batch 276/887, Batch Loss: 0.1008
Batch 280/887, Batch Loss: 0.1359
Batch 284/887, Batch Loss: 0.1210
Batch 288/887, Batch Loss: 0.1302
Batch 292/887, Batch Loss: 0.1172
Batch 296/887, Batch Loss: 0.1079
Batch 300/887, Batch Loss: 0.1228
Batch 304/887, Batch Loss: 0.1275
Batch 308/887, Batch Loss: 0.1171
Batch 312/887, Batch Loss: 0.1587
Batch 316/887, Batch Loss: 0.1110
Batch 320/887, Batch Loss: 0.1344
Batch 324/887, Batch Loss: 0.0941
Batch 328/887, Batch Loss: 0.1052
Batch 332/887, Batch Loss: 0.1249
Batch 336/887, Batch Loss: 0.0915
Batch 340/887, Batch Loss: 0.1210
Batch 344/887, Batch Loss: 0.1113
Batch 348/887, Batch Loss: 0.1236
Batch 352/887, Batch Loss: 0.1168
Batch 356/887, Batch Loss: 0.1234
Batch 360/887, Batch Loss: 0.1060
Batch 364/887, Batch Loss: 0.1426
Batch 368/887, Batch Loss: 0.1247
Batch 372/887, Batch Loss: 0.1321
Batch 376/887, Batch Loss: 0.1110
Batch 380/887, Batch Loss: 0.1405
Batch 384/887, Batch Loss: 0.1244
Batch 388/887, Batch Loss: 0.0976
Batch 392/887, Batch Loss: 0.0844
Batch 396/887, Batch Loss: 0.1193
Batch 400/887, Batch Loss: 0.0989
Batch 404/887, Batch Loss: 0.1138
Batch 408/887, Batch Loss: 0.1328
Batch 412/887, Batch Loss: 0.1543
Batch 416/887, Batch Loss: 0.1231
Batch 420/887, Batch Loss: 0.1013
Batch 424/887, Batch Loss: 0.1490
Batch 428/887, Batch Loss: 0.1331
Batch 432/887, Batch Loss: 0.0972
Batch 436/887, Batch Loss: 0.1286
Batch 440/887, Batch Loss: 0.1268
Batch 444/887, Batch Loss: 0.1264
Batch 448/887, Batch Loss: 0.1200
Batch 452/887, Batch Loss: 0.1316
Batch 456/887, Batch Loss: 0.1543
Batch 460/887, Batch Loss: 0.1393
Batch 464/887, Batch Loss: 0.0949
Batch 468/887, Batch Loss: 0.1252
Batch 472/887, Batch Loss: 0.1216
Batch 476/887, Batch Loss: 0.1343
Batch 480/887, Batch Loss: 0.0885
Batch 484/887, Batch Loss: 0.1076
Batch 488/887, Batch Loss: 0.1042
Batch 492/887, Batch Loss: 0.1172
Batch 496/887, Batch Loss: 0.1128
Batch 500/887, Batch Loss: 0.1132
Batch 504/887, Batch Loss: 0.1492
Batch 508/887, Batch Loss: 0.1231
Batch 512/887, Batch Loss: 0.1174
Batch 516/887, Batch Loss: 0.1098
Batch 520/887, Batch Loss: 0.1501
Batch 524/887, Batch Loss: 0.0951
Batch 528/887, Batch Loss: 0.1266
Batch 532/887, Batch Loss: 0.1340
Batch 536/887, Batch Loss: 0.1263
Batch 540/887, Batch Loss: 0.1135
Batch 544/887, Batch Loss: 0.0890
Batch 548/887, Batch Loss: 0.1257
Batch 552/887, Batch Loss: 0.1035
Batch 556/887, Batch Loss: 0.1375
Batch 560/887, Batch Loss: 0.1221
Batch 564/887, Batch Loss: 0.1247
Batch 568/887, Batch Loss: 0.1024
Batch 572/887, Batch Loss: 0.0999
Batch 576/887, Batch Loss: 0.1588
Batch 580/887, Batch Loss: 0.1259
Batch 584/887, Batch Loss: 0.0913
Batch 588/887, Batch Loss: 0.1512
Batch 592/887, Batch Loss: 0.1358
Batch 596/887, Batch Loss: 0.1556
Batch 600/887, Batch Loss: 0.0971
Batch 604/887, Batch Loss: 0.1349
Batch 608/887, Batch Loss: 0.1320
Batch 612/887, Batch Loss: 0.0971
Batch 616/887, Batch Loss: 0.1350
Batch 620/887, Batch Loss: 0.1252
Batch 624/887, Batch Loss: 0.1296
Batch 628/887, Batch Loss: 0.1228
Batch 632/887, Batch Loss: 0.1317
Batch 636/887, Batch Loss: 0.1414
Batch 640/887, Batch Loss: 0.1101
Batch 644/887, Batch Loss: 0.1448
Batch 648/887, Batch Loss: 0.1265
Batch 652/887, Batch Loss: 0.1023
Batch 656/887, Batch Loss: 0.1031
Batch 660/887, Batch Loss: 0.1313
Batch 664/887, Batch Loss: 0.1212
Batch 668/887, Batch Loss: 0.1189
Batch 672/887, Batch Loss: 0.1331
Batch 676/887, Batch Loss: 0.1169
Batch 680/887, Batch Loss: 0.1196
Batch 684/887, Batch Loss: 0.1078
Batch 688/887, Batch Loss: 0.1109
Batch 692/887, Batch Loss: 0.1184
Batch 696/887, Batch Loss: 0.0962
Batch 700/887, Batch Loss: 0.1435
Batch 704/887, Batch Loss: 0.1186
Batch 708/887, Batch Loss: 0.1120
Batch 712/887, Batch Loss: 0.1252
Batch 716/887, Batch Loss: 0.1032
Batch 720/887, Batch Loss: 0.1110
Batch 724/887, Batch Loss: 0.1182
Batch 728/887, Batch Loss: 0.0980
Batch 732/887, Batch Loss: 0.1142
Batch 736/887, Batch Loss: 0.1189
Batch 740/887, Batch Loss: 0.1010
Batch 744/887, Batch Loss: 0.1207
Batch 748/887, Batch Loss: 0.1022
Batch 752/887, Batch Loss: 0.1390
Batch 756/887, Batch Loss: 0.1071
Batch 760/887, Batch Loss: 0.1101
Batch 764/887, Batch Loss: 0.1166
Batch 768/887, Batch Loss: 0.0937
Batch 772/887, Batch Loss: 0.1311
Batch 776/887, Batch Loss: 0.1170
Batch 780/887, Batch Loss: 0.1129
Batch 784/887, Batch Loss: 0.1160
Batch 788/887, Batch Loss: 0.1104
Batch 792/887, Batch Loss: 0.1164
Batch 796/887, Batch Loss: 0.1108
Batch 800/887, Batch Loss: 0.1516
Batch 804/887, Batch Loss: 0.1559
Batch 808/887, Batch Loss: 0.1218
Batch 812/887, Batch Loss: 0.1648
Batch 816/887, Batch Loss: 0.1602
Batch 820/887, Batch Loss: 0.1227
Batch 824/887, Batch Loss: 0.1138
Batch 828/887, Batch Loss: 0.1556
Batch 832/887, Batch Loss: 0.1079
Batch 836/887, Batch Loss: 0.1465
Batch 840/887, Batch Loss: 0.1205
Batch 844/887, Batch Loss: 0.1337
Batch 848/887, Batch Loss: 0.0996
Batch 852/887, Batch Loss: 0.1246
Batch 856/887, Batch Loss: 0.1098
Batch 860/887, Batch Loss: 0.1137
Batch 864/887, Batch Loss: 0.1151
Batch 868/887, Batch Loss: 0.1338
Batch 872/887, Batch Loss: 0.1110
Batch 876/887, Batch Loss: 0.1196
Batch 880/887, Batch Loss: 0.1320
Batch 884/887, Batch Loss: 0.1131
Training Loss: 0.1208
Validation Metrics: {'accuracy': 0.8396676538334978, 'precision': 0.81293057763646, 'recall': 0.49009584664536743, 'f1': 0.6115208291807853}
Epoch 8/10
Batch 4/887, Batch Loss: 0.1242
Batch 8/887, Batch Loss: 0.1136
Batch 12/887, Batch Loss: 0.1079
Batch 16/887, Batch Loss: 0.1054
Batch 20/887, Batch Loss: 0.1143
Batch 24/887, Batch Loss: 0.1432
Batch 28/887, Batch Loss: 0.1171
Batch 32/887, Batch Loss: 0.1538
Batch 36/887, Batch Loss: 0.1631
Batch 40/887, Batch Loss: 0.1039
Batch 44/887, Batch Loss: 0.0942
Batch 48/887, Batch Loss: 0.1171
Batch 52/887, Batch Loss: 0.0922
Batch 56/887, Batch Loss: 0.1256
Batch 60/887, Batch Loss: 0.1020
Batch 64/887, Batch Loss: 0.1283
Batch 68/887, Batch Loss: 0.1079
Batch 72/887, Batch Loss: 0.1438
Batch 76/887, Batch Loss: 0.1320
Batch 80/887, Batch Loss: 0.0982
Batch 84/887, Batch Loss: 0.1257
Batch 88/887, Batch Loss: 0.1207
Batch 92/887, Batch Loss: 0.1172
Batch 96/887, Batch Loss: 0.0892
Batch 100/887, Batch Loss: 0.1216
Batch 104/887, Batch Loss: 0.1134
Batch 108/887, Batch Loss: 0.1296
Batch 112/887, Batch Loss: 0.1131
Batch 116/887, Batch Loss: 0.0925
Batch 120/887, Batch Loss: 0.0995
Batch 124/887, Batch Loss: 0.1371
Batch 128/887, Batch Loss: 0.1377
Batch 132/887, Batch Loss: 0.1188
Batch 136/887, Batch Loss: 0.1175
Batch 140/887, Batch Loss: 0.1071
Batch 144/887, Batch Loss: 0.1062
Batch 148/887, Batch Loss: 0.1126
Batch 152/887, Batch Loss: 0.1183
Batch 156/887, Batch Loss: 0.1407
Batch 160/887, Batch Loss: 0.0797
Batch 164/887, Batch Loss: 0.1199
Batch 168/887, Batch Loss: 0.1184
Batch 172/887, Batch Loss: 0.1151
Batch 176/887, Batch Loss: 0.1221
Batch 180/887, Batch Loss: 0.1372
Batch 184/887, Batch Loss: 0.1217
Batch 188/887, Batch Loss: 0.1343
Batch 192/887, Batch Loss: 0.1427
Batch 196/887, Batch Loss: 0.1273
Batch 200/887, Batch Loss: 0.1238
Batch 204/887, Batch Loss: 0.1238
Batch 208/887, Batch Loss: 0.1223
Batch 212/887, Batch Loss: 0.1032
Batch 216/887, Batch Loss: 0.1221
Batch 220/887, Batch Loss: 0.1227
Batch 224/887, Batch Loss: 0.1086
Batch 228/887, Batch Loss: 0.1231
Batch 232/887, Batch Loss: 0.1086
Batch 236/887, Batch Loss: 0.1100
Batch 240/887, Batch Loss: 0.1233
Batch 244/887, Batch Loss: 0.1195
Batch 248/887, Batch Loss: 0.1364
Batch 252/887, Batch Loss: 0.1123
Batch 256/887, Batch Loss: 0.1196
Batch 260/887, Batch Loss: 0.1300
Batch 264/887, Batch Loss: 0.1501
Batch 268/887, Batch Loss: 0.1350
Batch 272/887, Batch Loss: 0.1420
Batch 276/887, Batch Loss: 0.1166
Batch 280/887, Batch Loss: 0.1341
Batch 284/887, Batch Loss: 0.1492
Batch 288/887, Batch Loss: 0.1081
Batch 292/887, Batch Loss: 0.1122
Batch 296/887, Batch Loss: 0.1029
Batch 300/887, Batch Loss: 0.1207
Batch 304/887, Batch Loss: 0.1042
Batch 308/887, Batch Loss: 0.1345
Batch 312/887, Batch Loss: 0.1276
Batch 316/887, Batch Loss: 0.1187
Batch 320/887, Batch Loss: 0.0959
Batch 324/887, Batch Loss: 0.1159
Batch 328/887, Batch Loss: 0.1477
Batch 332/887, Batch Loss: 0.1091
Batch 336/887, Batch Loss: 0.1490
Batch 340/887, Batch Loss: 0.1344
Batch 344/887, Batch Loss: 0.1195
Batch 348/887, Batch Loss: 0.1241
Batch 352/887, Batch Loss: 0.1419
Batch 356/887, Batch Loss: 0.1448
Batch 360/887, Batch Loss: 0.1375
Batch 364/887, Batch Loss: 0.1349
Batch 368/887, Batch Loss: 0.1158
Batch 372/887, Batch Loss: 0.1208
Batch 376/887, Batch Loss: 0.1148
Batch 380/887, Batch Loss: 0.1059
Batch 384/887, Batch Loss: 0.1697
Batch 388/887, Batch Loss: 0.1505
Batch 392/887, Batch Loss: 0.1155
Batch 396/887, Batch Loss: 0.1267
Batch 400/887, Batch Loss: 0.1422
Batch 404/887, Batch Loss: 0.1177
Batch 408/887, Batch Loss: 0.1194
Batch 412/887, Batch Loss: 0.1240
Batch 416/887, Batch Loss: 0.1240
Batch 420/887, Batch Loss: 0.1030
Batch 424/887, Batch Loss: 0.1250
Batch 428/887, Batch Loss: 0.1132
Batch 432/887, Batch Loss: 0.1338
Batch 436/887, Batch Loss: 0.1184
Batch 440/887, Batch Loss: 0.1121
Batch 444/887, Batch Loss: 0.1413
Batch 448/887, Batch Loss: 0.1142
Batch 452/887, Batch Loss: 0.1100
Batch 456/887, Batch Loss: 0.1163
Batch 460/887, Batch Loss: 0.1277
Batch 464/887, Batch Loss: 0.1187
Batch 468/887, Batch Loss: 0.0979
Batch 472/887, Batch Loss: 0.1132
Batch 476/887, Batch Loss: 0.1021
Batch 480/887, Batch Loss: 0.1244
Batch 484/887, Batch Loss: 0.1206
Batch 488/887, Batch Loss: 0.1214
Batch 492/887, Batch Loss: 0.1262
Batch 496/887, Batch Loss: 0.1318
Batch 500/887, Batch Loss: 0.1144
Batch 504/887, Batch Loss: 0.1186
Batch 508/887, Batch Loss: 0.1150
Batch 512/887, Batch Loss: 0.1129
Batch 516/887, Batch Loss: 0.0972
Batch 520/887, Batch Loss: 0.1431
Batch 524/887, Batch Loss: 0.1292
Batch 528/887, Batch Loss: 0.1273
Batch 532/887, Batch Loss: 0.1123
Batch 536/887, Batch Loss: 0.1535
Batch 540/887, Batch Loss: 0.1170
Batch 544/887, Batch Loss: 0.0806
Batch 548/887, Batch Loss: 0.1206
Batch 552/887, Batch Loss: 0.1135
Batch 556/887, Batch Loss: 0.1019
Batch 560/887, Batch Loss: 0.1109
Batch 564/887, Batch Loss: 0.1203
Batch 568/887, Batch Loss: 0.1125
Batch 572/887, Batch Loss: 0.1418
Batch 576/887, Batch Loss: 0.1224
Batch 580/887, Batch Loss: 0.1068
Batch 584/887, Batch Loss: 0.0973
Batch 588/887, Batch Loss: 0.0975
Batch 592/887, Batch Loss: 0.1036
Batch 596/887, Batch Loss: 0.1322
Batch 600/887, Batch Loss: 0.1165
Batch 604/887, Batch Loss: 0.1061
Batch 608/887, Batch Loss: 0.1080
Batch 612/887, Batch Loss: 0.0983
Batch 616/887, Batch Loss: 0.1203
Batch 620/887, Batch Loss: 0.1266
Batch 624/887, Batch Loss: 0.0990
Batch 628/887, Batch Loss: 0.1140
Batch 632/887, Batch Loss: 0.1230
Batch 636/887, Batch Loss: 0.0942
Batch 640/887, Batch Loss: 0.1368
Batch 644/887, Batch Loss: 0.1628
Batch 648/887, Batch Loss: 0.0949
Batch 652/887, Batch Loss: 0.1307
Batch 656/887, Batch Loss: 0.0959
Batch 660/887, Batch Loss: 0.1152
Batch 664/887, Batch Loss: 0.1099
Batch 668/887, Batch Loss: 0.1596
Batch 672/887, Batch Loss: 0.1144
Batch 676/887, Batch Loss: 0.1217
Batch 680/887, Batch Loss: 0.1698
Batch 684/887, Batch Loss: 0.1248
Batch 688/887, Batch Loss: 0.1125
Batch 692/887, Batch Loss: 0.0921
Batch 696/887, Batch Loss: 0.1050
Batch 700/887, Batch Loss: 0.1011
Batch 704/887, Batch Loss: 0.0934
Batch 708/887, Batch Loss: 0.1132
Batch 712/887, Batch Loss: 0.1264
Batch 716/887, Batch Loss: 0.0911
Batch 720/887, Batch Loss: 0.1360
Batch 724/887, Batch Loss: 0.0873
Batch 728/887, Batch Loss: 0.1275
Batch 732/887, Batch Loss: 0.1092
Batch 736/887, Batch Loss: 0.1038
Batch 740/887, Batch Loss: 0.1369
Batch 744/887, Batch Loss: 0.1165
Batch 748/887, Batch Loss: 0.1017
Batch 752/887, Batch Loss: 0.1250
Batch 756/887, Batch Loss: 0.1001
Batch 760/887, Batch Loss: 0.1207
Batch 764/887, Batch Loss: 0.1138
Batch 768/887, Batch Loss: 0.1213
Batch 772/887, Batch Loss: 0.1290
Batch 776/887, Batch Loss: 0.1001
Batch 780/887, Batch Loss: 0.0897
Batch 784/887, Batch Loss: 0.0984
Batch 788/887, Batch Loss: 0.1581
Batch 792/887, Batch Loss: 0.1006
Batch 796/887, Batch Loss: 0.1523
Batch 800/887, Batch Loss: 0.1282
Batch 804/887, Batch Loss: 0.1107
Batch 808/887, Batch Loss: 0.1216
Batch 812/887, Batch Loss: 0.1207
Batch 816/887, Batch Loss: 0.1189
Batch 820/887, Batch Loss: 0.1060
Batch 824/887, Batch Loss: 0.1171
Batch 828/887, Batch Loss: 0.1150
Batch 832/887, Batch Loss: 0.1121
Batch 836/887, Batch Loss: 0.1306
Batch 840/887, Batch Loss: 0.0984
Batch 844/887, Batch Loss: 0.1136
Batch 848/887, Batch Loss: 0.1030
Batch 852/887, Batch Loss: 0.1308
Batch 856/887, Batch Loss: 0.1015
Batch 860/887, Batch Loss: 0.1237
Batch 864/887, Batch Loss: 0.0981
Batch 868/887, Batch Loss: 0.0994
Batch 872/887, Batch Loss: 0.1277
Batch 876/887, Batch Loss: 0.1046
Batch 880/887, Batch Loss: 0.1403
Batch 884/887, Batch Loss: 0.1300
Training Loss: 0.1189
Validation Metrics: {'accuracy': 0.839996709443896, 'precision': 0.7326266195524146, 'recall': 0.5961661341853035, 'f1': 0.6573894662673947}
Epoch 9/10
Batch 4/887, Batch Loss: 0.1189
Batch 8/887, Batch Loss: 0.1348
Batch 12/887, Batch Loss: 0.1114
Batch 16/887, Batch Loss: 0.1106
Batch 20/887, Batch Loss: 0.1135
Batch 24/887, Batch Loss: 0.1147
Batch 28/887, Batch Loss: 0.1182
Batch 32/887, Batch Loss: 0.1270
Batch 36/887, Batch Loss: 0.1436
Batch 40/887, Batch Loss: 0.1263
Batch 44/887, Batch Loss: 0.0991
Batch 48/887, Batch Loss: 0.1019
Batch 52/887, Batch Loss: 0.1179
Batch 56/887, Batch Loss: 0.1102
Batch 60/887, Batch Loss: 0.1149
Batch 64/887, Batch Loss: 0.1251
Batch 68/887, Batch Loss: 0.1481
Batch 72/887, Batch Loss: 0.1322
Batch 76/887, Batch Loss: 0.1175
Batch 80/887, Batch Loss: 0.1468
Batch 84/887, Batch Loss: 0.1287
Batch 88/887, Batch Loss: 0.0903
Batch 92/887, Batch Loss: 0.1235
Batch 96/887, Batch Loss: 0.0863
Batch 100/887, Batch Loss: 0.1267
Batch 104/887, Batch Loss: 0.0925
Batch 108/887, Batch Loss: 0.1295
Batch 112/887, Batch Loss: 0.1039
Batch 116/887, Batch Loss: 0.1558
Batch 120/887, Batch Loss: 0.1125
Batch 124/887, Batch Loss: 0.0878
Batch 128/887, Batch Loss: 0.1090
Batch 132/887, Batch Loss: 0.1090
Batch 136/887, Batch Loss: 0.1469
Batch 140/887, Batch Loss: 0.1573
Batch 144/887, Batch Loss: 0.1103
Batch 148/887, Batch Loss: 0.0714
Batch 152/887, Batch Loss: 0.1232
Batch 156/887, Batch Loss: 0.1083
Batch 160/887, Batch Loss: 0.1383
Batch 164/887, Batch Loss: 0.1223
Batch 168/887, Batch Loss: 0.1157
Batch 172/887, Batch Loss: 0.1060
Batch 176/887, Batch Loss: 0.1323
Batch 180/887, Batch Loss: 0.1286
Batch 184/887, Batch Loss: 0.1264
Batch 188/887, Batch Loss: 0.1319
Batch 192/887, Batch Loss: 0.1164
Batch 196/887, Batch Loss: 0.1081
Batch 200/887, Batch Loss: 0.0790
Batch 204/887, Batch Loss: 0.1074
Batch 208/887, Batch Loss: 0.1286
Batch 212/887, Batch Loss: 0.1242
Batch 216/887, Batch Loss: 0.1074
Batch 220/887, Batch Loss: 0.1245
Batch 224/887, Batch Loss: 0.1266
Batch 228/887, Batch Loss: 0.1327
Batch 232/887, Batch Loss: 0.1055
Batch 236/887, Batch Loss: 0.1358
Batch 240/887, Batch Loss: 0.1195
Batch 244/887, Batch Loss: 0.1270
Batch 248/887, Batch Loss: 0.1063
Batch 252/887, Batch Loss: 0.1118
Batch 256/887, Batch Loss: 0.1017
Batch 260/887, Batch Loss: 0.1168
Batch 264/887, Batch Loss: 0.1023
Batch 268/887, Batch Loss: 0.1202
Batch 272/887, Batch Loss: 0.1457
Batch 276/887, Batch Loss: 0.1212
Batch 280/887, Batch Loss: 0.1204
Batch 284/887, Batch Loss: 0.1175
Batch 288/887, Batch Loss: 0.1421
Batch 292/887, Batch Loss: 0.1407
Batch 296/887, Batch Loss: 0.0984
Batch 300/887, Batch Loss: 0.1154
Batch 304/887, Batch Loss: 0.0800
Batch 308/887, Batch Loss: 0.0985
Batch 312/887, Batch Loss: 0.1375
Batch 316/887, Batch Loss: 0.1242
Batch 320/887, Batch Loss: 0.1604
Batch 324/887, Batch Loss: 0.1364
Batch 328/887, Batch Loss: 0.1478
Batch 332/887, Batch Loss: 0.1169
Batch 336/887, Batch Loss: 0.1374
Batch 340/887, Batch Loss: 0.1254
Batch 344/887, Batch Loss: 0.1109
Batch 348/887, Batch Loss: 0.1129
Batch 352/887, Batch Loss: 0.1196
Batch 356/887, Batch Loss: 0.1332
Batch 360/887, Batch Loss: 0.0981
Batch 364/887, Batch Loss: 0.1545
Batch 368/887, Batch Loss: 0.0907
Batch 372/887, Batch Loss: 0.1232
Batch 376/887, Batch Loss: 0.1177
Batch 380/887, Batch Loss: 0.0963
Batch 384/887, Batch Loss: 0.1121
Batch 388/887, Batch Loss: 0.1323
Batch 392/887, Batch Loss: 0.1113
Batch 396/887, Batch Loss: 0.1117
Batch 400/887, Batch Loss: 0.1401
Batch 404/887, Batch Loss: 0.1076
Batch 408/887, Batch Loss: 0.1246
Batch 412/887, Batch Loss: 0.1234
Batch 416/887, Batch Loss: 0.1229
Batch 420/887, Batch Loss: 0.1163
Batch 424/887, Batch Loss: 0.1300
Batch 428/887, Batch Loss: 0.1067
Batch 432/887, Batch Loss: 0.1289
Batch 436/887, Batch Loss: 0.1230
Batch 440/887, Batch Loss: 0.1434
Batch 444/887, Batch Loss: 0.1237
Batch 448/887, Batch Loss: 0.1794
Batch 452/887, Batch Loss: 0.1152
Batch 456/887, Batch Loss: 0.1287
Batch 460/887, Batch Loss: 0.1113
Batch 464/887, Batch Loss: 0.1151
Batch 468/887, Batch Loss: 0.1388
Batch 472/887, Batch Loss: 0.0863
Batch 476/887, Batch Loss: 0.1312
Batch 480/887, Batch Loss: 0.1069
Batch 484/887, Batch Loss: 0.1212
Batch 488/887, Batch Loss: 0.1292
Batch 492/887, Batch Loss: 0.1363
Batch 496/887, Batch Loss: 0.1198
Batch 500/887, Batch Loss: 0.1281
Batch 504/887, Batch Loss: 0.1138
Batch 508/887, Batch Loss: 0.1067
Batch 512/887, Batch Loss: 0.0912
Batch 516/887, Batch Loss: 0.1024
Batch 520/887, Batch Loss: 0.1061
Batch 524/887, Batch Loss: 0.1417
Batch 528/887, Batch Loss: 0.1185
Batch 532/887, Batch Loss: 0.1288
Batch 536/887, Batch Loss: 0.1165
Batch 540/887, Batch Loss: 0.1090
Batch 544/887, Batch Loss: 0.1112
Batch 548/887, Batch Loss: 0.1148
Batch 552/887, Batch Loss: 0.1152
Batch 556/887, Batch Loss: 0.1031
Batch 560/887, Batch Loss: 0.1287
Batch 564/887, Batch Loss: 0.1154
Batch 568/887, Batch Loss: 0.0869
Batch 572/887, Batch Loss: 0.0943
Batch 576/887, Batch Loss: 0.1146
Batch 580/887, Batch Loss: 0.0935
Batch 584/887, Batch Loss: 0.0989
Batch 588/887, Batch Loss: 0.1405
Batch 592/887, Batch Loss: 0.1223
Batch 596/887, Batch Loss: 0.1679
Batch 600/887, Batch Loss: 0.1266
Batch 604/887, Batch Loss: 0.1000
Batch 608/887, Batch Loss: 0.1473
Batch 612/887, Batch Loss: 0.1095
Batch 616/887, Batch Loss: 0.1186
Batch 620/887, Batch Loss: 0.1364
Batch 624/887, Batch Loss: 0.1095
Batch 628/887, Batch Loss: 0.1118
Batch 632/887, Batch Loss: 0.1396
Batch 636/887, Batch Loss: 0.1091
Batch 640/887, Batch Loss: 0.1164
Batch 644/887, Batch Loss: 0.1865
Batch 648/887, Batch Loss: 0.1389
Batch 652/887, Batch Loss: 0.1181
Batch 656/887, Batch Loss: 0.1191
Batch 660/887, Batch Loss: 0.1103
Batch 664/887, Batch Loss: 0.1222
Batch 668/887, Batch Loss: 0.1315
Batch 672/887, Batch Loss: 0.1100
Batch 676/887, Batch Loss: 0.1426
Batch 680/887, Batch Loss: 0.1365
Batch 684/887, Batch Loss: 0.1679
Batch 688/887, Batch Loss: 0.1106
Batch 692/887, Batch Loss: 0.1209
Batch 696/887, Batch Loss: 0.1166
Batch 700/887, Batch Loss: 0.0983
Batch 704/887, Batch Loss: 0.1365
Batch 708/887, Batch Loss: 0.1142
Batch 712/887, Batch Loss: 0.1227
Batch 716/887, Batch Loss: 0.1273
Batch 720/887, Batch Loss: 0.1235
Batch 724/887, Batch Loss: 0.1412
Batch 728/887, Batch Loss: 0.1083
Batch 732/887, Batch Loss: 0.1007
Batch 736/887, Batch Loss: 0.1146
Batch 740/887, Batch Loss: 0.0944
Batch 744/887, Batch Loss: 0.1166
Batch 748/887, Batch Loss: 0.1053
Batch 752/887, Batch Loss: 0.1161
Batch 756/887, Batch Loss: 0.1245
Batch 760/887, Batch Loss: 0.1111
Batch 764/887, Batch Loss: 0.1126
Batch 768/887, Batch Loss: 0.1316
Batch 772/887, Batch Loss: 0.1086
Batch 776/887, Batch Loss: 0.1353
Batch 780/887, Batch Loss: 0.1411
Batch 784/887, Batch Loss: 0.1121
Batch 788/887, Batch Loss: 0.1348
Batch 792/887, Batch Loss: 0.1289
Batch 796/887, Batch Loss: 0.1361
Batch 800/887, Batch Loss: 0.1405
Batch 804/887, Batch Loss: 0.1301
Batch 808/887, Batch Loss: 0.1160
Batch 812/887, Batch Loss: 0.0948
Batch 816/887, Batch Loss: 0.1312
Batch 820/887, Batch Loss: 0.1158
Batch 824/887, Batch Loss: 0.1097
Batch 828/887, Batch Loss: 0.1286
Batch 832/887, Batch Loss: 0.1097
Batch 836/887, Batch Loss: 0.1366
Batch 840/887, Batch Loss: 0.1055
Batch 844/887, Batch Loss: 0.1268
Batch 848/887, Batch Loss: 0.1415
Batch 852/887, Batch Loss: 0.1109
Batch 856/887, Batch Loss: 0.1042
Batch 860/887, Batch Loss: 0.1142
Batch 864/887, Batch Loss: 0.1205
Batch 868/887, Batch Loss: 0.1593
Batch 872/887, Batch Loss: 0.1325
Batch 876/887, Batch Loss: 0.1030
Batch 880/887, Batch Loss: 0.1361
Batch 884/887, Batch Loss: 0.1087
Training Loss: 0.1186
Validation Metrics: {'accuracy': 0.8394208621256992, 'precision': 0.7237841945288754, 'recall': 0.6086261980830671, 'f1': 0.6612287400208261}
Epoch 10/10
Batch 4/887, Batch Loss: 0.0675
Batch 8/887, Batch Loss: 0.1570
Batch 12/887, Batch Loss: 0.1486
Batch 16/887, Batch Loss: 0.1079
Batch 20/887, Batch Loss: 0.1084
Batch 24/887, Batch Loss: 0.1123
Batch 28/887, Batch Loss: 0.1101
Batch 32/887, Batch Loss: 0.0980
Batch 36/887, Batch Loss: 0.1272
Batch 40/887, Batch Loss: 0.1338
Batch 44/887, Batch Loss: 0.1227
Batch 48/887, Batch Loss: 0.0905
Batch 52/887, Batch Loss: 0.1166
Batch 56/887, Batch Loss: 0.0855
Batch 60/887, Batch Loss: 0.1170
Batch 64/887, Batch Loss: 0.1007
Batch 68/887, Batch Loss: 0.1613
Batch 72/887, Batch Loss: 0.1059
Batch 76/887, Batch Loss: 0.1231
Batch 80/887, Batch Loss: 0.1086
Batch 84/887, Batch Loss: 0.1313
Batch 88/887, Batch Loss: 0.1413
Batch 92/887, Batch Loss: 0.1337
Batch 96/887, Batch Loss: 0.1225
Batch 100/887, Batch Loss: 0.1211
Batch 104/887, Batch Loss: 0.1345
Batch 108/887, Batch Loss: 0.1390
Batch 112/887, Batch Loss: 0.1139
Batch 116/887, Batch Loss: 0.1145
Batch 120/887, Batch Loss: 0.1222
Batch 124/887, Batch Loss: 0.1683
Batch 128/887, Batch Loss: 0.1249
Batch 132/887, Batch Loss: 0.1232
Batch 136/887, Batch Loss: 0.1227
Batch 140/887, Batch Loss: 0.1135
Batch 144/887, Batch Loss: 0.1190
Batch 148/887, Batch Loss: 0.1198
Batch 152/887, Batch Loss: 0.1168
Batch 156/887, Batch Loss: 0.1341
Batch 160/887, Batch Loss: 0.0926
Batch 164/887, Batch Loss: 0.1313
Batch 168/887, Batch Loss: 0.1138
Batch 172/887, Batch Loss: 0.1083
Batch 176/887, Batch Loss: 0.1145
Batch 180/887, Batch Loss: 0.1208
Batch 184/887, Batch Loss: 0.1033
Batch 188/887, Batch Loss: 0.1119
Batch 192/887, Batch Loss: 0.1143
Batch 196/887, Batch Loss: 0.1029
Batch 200/887, Batch Loss: 0.1238
Batch 204/887, Batch Loss: 0.1294
Batch 208/887, Batch Loss: 0.1105
Batch 212/887, Batch Loss: 0.1104
Batch 216/887, Batch Loss: 0.0977
Batch 220/887, Batch Loss: 0.1011
Batch 224/887, Batch Loss: 0.1060
Batch 228/887, Batch Loss: 0.1110
Batch 232/887, Batch Loss: 0.1328
Batch 236/887, Batch Loss: 0.1189
Batch 240/887, Batch Loss: 0.0998
Batch 244/887, Batch Loss: 0.1124
Batch 248/887, Batch Loss: 0.1270
Batch 252/887, Batch Loss: 0.1407
Batch 256/887, Batch Loss: 0.1258
Batch 260/887, Batch Loss: 0.1209
Batch 264/887, Batch Loss: 0.1092
Batch 268/887, Batch Loss: 0.1166
Batch 272/887, Batch Loss: 0.1357
Batch 276/887, Batch Loss: 0.1030
Batch 280/887, Batch Loss: 0.1237
Batch 284/887, Batch Loss: 0.1374
Batch 288/887, Batch Loss: 0.0933
Batch 292/887, Batch Loss: 0.1090
Batch 296/887, Batch Loss: 0.1021
Batch 300/887, Batch Loss: 0.0967
Batch 304/887, Batch Loss: 0.1183
Batch 308/887, Batch Loss: 0.1155
Batch 312/887, Batch Loss: 0.1153
Batch 316/887, Batch Loss: 0.1382
Batch 320/887, Batch Loss: 0.0972
Batch 324/887, Batch Loss: 0.1027
Batch 328/887, Batch Loss: 0.1077
Batch 332/887, Batch Loss: 0.0923
Batch 336/887, Batch Loss: 0.0867
Batch 340/887, Batch Loss: 0.1274
Batch 344/887, Batch Loss: 0.0997
Batch 348/887, Batch Loss: 0.0772
Batch 352/887, Batch Loss: 0.1325
Batch 356/887, Batch Loss: 0.1385
Batch 360/887, Batch Loss: 0.1308
Batch 364/887, Batch Loss: 0.0935
Batch 368/887, Batch Loss: 0.1226
Batch 372/887, Batch Loss: 0.1156
Batch 376/887, Batch Loss: 0.1108
Batch 380/887, Batch Loss: 0.1175
Batch 384/887, Batch Loss: 0.1086
Batch 388/887, Batch Loss: 0.1369
Batch 392/887, Batch Loss: 0.1103
Batch 396/887, Batch Loss: 0.1040
Batch 400/887, Batch Loss: 0.0992
Batch 404/887, Batch Loss: 0.0908
Batch 408/887, Batch Loss: 0.1152
Batch 412/887, Batch Loss: 0.1005
Batch 416/887, Batch Loss: 0.1246
Batch 420/887, Batch Loss: 0.1121
Batch 424/887, Batch Loss: 0.1090
Batch 428/887, Batch Loss: 0.0999
Batch 432/887, Batch Loss: 0.1062
Batch 436/887, Batch Loss: 0.1268
Batch 440/887, Batch Loss: 0.0926
Batch 444/887, Batch Loss: 0.1026
Batch 448/887, Batch Loss: 0.1139
Batch 452/887, Batch Loss: 0.1342
Batch 456/887, Batch Loss: 0.1141
Batch 460/887, Batch Loss: 0.1227
Batch 464/887, Batch Loss: 0.0842
Batch 468/887, Batch Loss: 0.1224
Batch 472/887, Batch Loss: 0.1206
Batch 476/887, Batch Loss: 0.1251
Batch 480/887, Batch Loss: 0.0912
Batch 484/887, Batch Loss: 0.1056
Batch 488/887, Batch Loss: 0.0830
Batch 492/887, Batch Loss: 0.1034
Batch 496/887, Batch Loss: 0.1325
Batch 500/887, Batch Loss: 0.1112
Batch 504/887, Batch Loss: 0.1099
Batch 508/887, Batch Loss: 0.0976
Batch 512/887, Batch Loss: 0.1183
Batch 516/887, Batch Loss: 0.0929
Batch 520/887, Batch Loss: 0.1102
Batch 524/887, Batch Loss: 0.1363
Batch 528/887, Batch Loss: 0.1557
Batch 532/887, Batch Loss: 0.1506
Batch 536/887, Batch Loss: 0.1488
Batch 540/887, Batch Loss: 0.1477
Batch 544/887, Batch Loss: 0.1138
Batch 548/887, Batch Loss: 0.1183
Batch 552/887, Batch Loss: 0.1312
Batch 556/887, Batch Loss: 0.1058
Batch 560/887, Batch Loss: 0.1012
Batch 564/887, Batch Loss: 0.1175
Batch 568/887, Batch Loss: 0.1323
Batch 572/887, Batch Loss: 0.1146
Batch 576/887, Batch Loss: 0.1340
Batch 580/887, Batch Loss: 0.1238
Batch 584/887, Batch Loss: 0.1363
Batch 588/887, Batch Loss: 0.1123
Batch 592/887, Batch Loss: 0.1166
Batch 596/887, Batch Loss: 0.1150
Batch 600/887, Batch Loss: 0.1085
Batch 604/887, Batch Loss: 0.1416
Batch 608/887, Batch Loss: 0.0921
Batch 612/887, Batch Loss: 0.1164
Batch 616/887, Batch Loss: 0.1088
Batch 620/887, Batch Loss: 0.1185
Batch 624/887, Batch Loss: 0.1521
Batch 628/887, Batch Loss: 0.1301
Batch 632/887, Batch Loss: 0.1177
Batch 636/887, Batch Loss: 0.1329
Batch 640/887, Batch Loss: 0.1177
Batch 644/887, Batch Loss: 0.1421
Batch 648/887, Batch Loss: 0.1195
Batch 652/887, Batch Loss: 0.1280
Batch 656/887, Batch Loss: 0.1268
Batch 660/887, Batch Loss: 0.1090
Batch 664/887, Batch Loss: 0.1045
Batch 668/887, Batch Loss: 0.1170
Batch 672/887, Batch Loss: 0.1106
Batch 676/887, Batch Loss: 0.1022
Batch 680/887, Batch Loss: 0.1287
Batch 684/887, Batch Loss: 0.0935
Batch 688/887, Batch Loss: 0.1076
Batch 692/887, Batch Loss: 0.1120
Batch 696/887, Batch Loss: 0.1275
Batch 700/887, Batch Loss: 0.1304
Batch 704/887, Batch Loss: 0.0997
Batch 708/887, Batch Loss: 0.1475
Batch 712/887, Batch Loss: 0.1179
Batch 716/887, Batch Loss: 0.0981
Batch 720/887, Batch Loss: 0.1389
Batch 724/887, Batch Loss: 0.0959
Batch 728/887, Batch Loss: 0.1313
Batch 732/887, Batch Loss: 0.1134
Batch 736/887, Batch Loss: 0.1233
Batch 740/887, Batch Loss: 0.1182
Batch 744/887, Batch Loss: 0.0974
Batch 748/887, Batch Loss: 0.0894
Batch 752/887, Batch Loss: 0.1540
Batch 756/887, Batch Loss: 0.1198
Batch 760/887, Batch Loss: 0.0919
Batch 764/887, Batch Loss: 0.1105
Batch 768/887, Batch Loss: 0.1292
Batch 772/887, Batch Loss: 0.1249
Batch 776/887, Batch Loss: 0.1018
Batch 780/887, Batch Loss: 0.1196
Batch 784/887, Batch Loss: 0.1248
Batch 788/887, Batch Loss: 0.1333
Batch 792/887, Batch Loss: 0.1218
Batch 796/887, Batch Loss: 0.1366
Batch 800/887, Batch Loss: 0.1125
Batch 804/887, Batch Loss: 0.1189
Batch 808/887, Batch Loss: 0.1491
Batch 812/887, Batch Loss: 0.1305
Batch 816/887, Batch Loss: 0.1068
Batch 820/887, Batch Loss: 0.0881
Batch 824/887, Batch Loss: 0.1297
Batch 828/887, Batch Loss: 0.1236
Batch 832/887, Batch Loss: 0.1026
Batch 836/887, Batch Loss: 0.1378
Batch 840/887, Batch Loss: 0.1086
Batch 844/887, Batch Loss: 0.1300
Batch 848/887, Batch Loss: 0.1148
Batch 852/887, Batch Loss: 0.1327
Batch 856/887, Batch Loss: 0.1069
Batch 860/887, Batch Loss: 0.1265
Batch 864/887, Batch Loss: 0.1129
Batch 868/887, Batch Loss: 0.1314
Batch 872/887, Batch Loss: 0.0856
Batch 876/887, Batch Loss: 0.1238
Batch 880/887, Batch Loss: 0.1262
Batch 884/887, Batch Loss: 0.1013
Training Loss: 0.1183
Validation Metrics: {'accuracy': 0.846248766041461, 'precision': 0.7157030448169689, 'recall': 0.668370607028754, 'f1': 0.6912274905005782}
Job completed
